#
# A fatal error has been detected by the Java Runtime Environment:
#
#  SIGSEGV (0xb) at pc=0x0000000121c73e43, pid=3906, tid=55303
#
# JRE version: Java(TM) SE Runtime Environment (8.0_77-b03) (build 1.8.0_77-b03)
# Java VM: Java HotSpot(TM) 64-Bit Server VM (25.77-b03 mixed mode bsd-amd64 compressed oops)
# Problematic frame:
# C  [libawt_lwawt.dylib+0x1ae43]  OGLSD_SetScratchSurface+0x49
#
# Failed to write core dump. Core dumps have been disabled. To enable core dumping, try "ulimit -c unlimited" before starting Java again
#
# If you would like to submit a bug report, please visit:
#   http://bugreport.java.com/bugreport/crash.jsp
# The crash happened outside the Java Virtual Machine in native code.
# See problematic frame for where to report the bug.
#

---------------  T H R E A D  ---------------

Current thread (0x00007fd82e8b7800):  JavaThread "Java2D Queue Flusher" daemon [_thread_in_native, id=55303, stack(0x000070000b44b000,0x000070000b54b000)]

siginfo: si_signo: 11 (SIGSEGV), si_code: 1 (SEGV_MAPERR), si_addr: 0x0000000000000002

Registers:
RAX=0x00000000ffffffff, RBX=0x0000000000000002, RCX=0x0000000000000047, RDX=0x0000000121c948ec
RSP=0x000070000b54a730, RBP=0x000070000b54a750, RSI=0x00007fd833a3e650, RDI=0x00007fd82e8b79f8
R8 =0x000000000000018c, R9 =0x000000000002602e, R10=0x00000001110399f8, R11=0x00000001110311c0
R12=0x0000000000000000, R13=0x000070000b54a8e8, R14=0x00007fd82e8b79f8, R15=0x00007fd82e8b7800
RIP=0x0000000121c73e43, EFLAGS=0x0000000000010202, ERR=0x0000000000000004
  TRAPNO=0x000000000000000e

Top of Stack: (sp=0x000070000b54a730)
0x000070000b54a730:   00007fd833a3e650 0000000000000000
0x000070000b54a740:   00007fd82f246010 00007fd82e8b7800
0x000070000b54a750:   000070000b54a7d0 0000000121c943ca
0x000070000b54a760:   00007fd82dd4ba00 0000000200000001
0x000070000b54a770:   0000000000000032 000000079d766d00
0x000070000b54a780:   0000000000000000 0000000000000000
0x000070000b54a790:   000070000b54a7d0 00007fd82f246020
0x000070000b54a7a0:   000070000054a818 00007fd82e8b79f8
0x000070000b54a7b0:   0000000141d51a00 0000000000000000
0x000070000b54a7c0:   000070000b54a968 00007fd82e8b7800
0x000070000b54a7d0:   000070000b54a820 0000000111039a6a
0x000070000b54a7e0:   000000074017b8a8 0000000109d2e8f0
0x000070000b54a7f0:   0000000000000064 0000000000000000
0x000070000b54a800:   0000000000000064 00007fd82dd4b078
0x000070000b54a810:   000070000b54a870 0000000109b4bc48
0x000070000b54a820:   000070000b54a940 00000001110317bc
0x000070000b54a830:   0000000000000001 00007fd82dd4c170
0x000070000b54a840:   000000074017b900 00007fd82e8b7800
0x000070000b54a850:   00007fd82e8b7800 000000010f623a00
0x000070000b54a860:   000070000b54a968 00007fd82e8b7800
0x000070000b54a870:   000070000b54a8c0 0000000110ecf4a8
0x000070000b54a880:   000000074017b8a8 0000000110f142a6
0x000070000b54a890:   000070000b54a940 000000011103121c
0x000070000b54a8a0:   0000000141d9d72f 000070000b54a8e8
0x000070000b54a8b0:   0000000141d9d7b0 0000000000000000
0x000070000b54a8c0:   000070000b54a940 0000000110cf4c4d
0x000070000b54a8d0:   000070000b54a940 0000000110cf4c4d
0x000070000b54a8e0:   0000000110cf4c4d 000000074017b8a8
0x000070000b54a8f0:   0000000000000001 000000074017b930
0x000070000b54a900:   000070000b54a8f0 000000010fa78d01
0x000070000b54a910:   000070000b54a968 000000010fa79588
0x000070000b54a920:   0000000000000000 000000010fa78e08 

Instructions: (pc=0x0000000121c73e43)
0x0000000121c73e23:   c0 e9 82 00 00 00 48 8b 5e 10 48 85 db 75 0e bf
0x0000000121c73e33:   01 00 00 00 48 8d 15 fd 75 03 00 eb d6 49 89 fe
0x0000000121c73e43:   4c 8b 3b 30 c0 e8 c5 a2 02 00 49 8b 3f 49 89 c4
0x0000000121c73e53:   48 8b 35 ae f7 05 00 30 c0 e8 e9 a3 02 00 48 85 

Register to memory mapping:

RAX=0x00000000ffffffff is an unknown value
RBX=0x0000000000000002 is an unknown value
RCX=0x0000000000000047 is an unknown value
RDX=0x0000000121c948ec: Java_sun_java2d_opengl_OGLRenderQueue_flushBuffer+0xb5c in /Library/Java/JavaVirtualMachines/jdk1.8.0_77.jdk/Contents/Home/jre/lib/libawt_lwawt.dylib at 0x0000000121c59000
RSP=0x000070000b54a730 is pointing into the stack for thread: 0x00007fd82e8b7800
RBP=0x000070000b54a750 is pointing into the stack for thread: 0x00007fd82e8b7800
RSI=0x00007fd833a3e650 is an unknown value
RDI=0x00007fd82e8b79f8 is an unknown value
R8 =0x000000000000018c is an unknown value
R9 =0x000000000002602e is an unknown value
R10=0x00000001110399f8 is at entry_point+56 in (nmethod*)0x0000000111039850
R11=0x00000001110311c0 is at entry_point+0 in (nmethod*)0x0000000111031050
R12=0x0000000000000000 is an unknown value
R13=0x000070000b54a8e8 is pointing into the stack for thread: 0x00007fd82e8b7800
R14=0x00007fd82e8b79f8 is an unknown value
R15=0x00007fd82e8b7800 is a thread


Stack: [0x000070000b44b000,0x000070000b54b000],  sp=0x000070000b54a730,  free space=1021k
Native frames: (J=compiled Java code, j=interpreted, Vv=VM code, C=native code)
C  [libawt_lwawt.dylib+0x1ae43]  OGLSD_SetScratchSurface+0x49
C  [libawt_lwawt.dylib+0x3b3ca]  Java_sun_java2d_opengl_OGLRenderQueue_flushBuffer+0x63a
J 933  sun.java2d.opengl.OGLRenderQueue.flushBuffer(JI)V (0 bytes) @ 0x0000000111039a6a [0x00000001110399c0+0xaa]
J 911 C1 sun.java2d.opengl.OGLRenderQueue.flushBuffer()V (41 bytes) @ 0x00000001110317bc [0x0000000111031560+0x25c]
J 910 C1 sun.java2d.opengl.OGLRenderQueue.access$100(Lsun/java2d/opengl/OGLRenderQueue;)V (5 bytes) @ 0x000000011103121c [0x00000001110311c0+0x5c]
j  sun.java2d.opengl.OGLRenderQueue$QueueFlusher.run()V+81
v  ~StubRoutines::call_stub
V  [libjvm.dylib+0x2ea39e]  JavaCalls::call_helper(JavaValue*, methodHandle*, JavaCallArguments*, Thread*)+0x6ae
V  [libjvm.dylib+0x2eab2c]  JavaCalls::call_virtual(JavaValue*, KlassHandle, Symbol*, Symbol*, JavaCallArguments*, Thread*)+0x164
V  [libjvm.dylib+0x2eacd8]  JavaCalls::call_virtual(JavaValue*, Handle, KlassHandle, Symbol*, Symbol*, Thread*)+0x4a
V  [libjvm.dylib+0x345255]  thread_entry(JavaThread*, Thread*)+0x7c
V  [libjvm.dylib+0x560e03]  JavaThread::thread_main_inner()+0x9b
V  [libjvm.dylib+0x5624fe]  JavaThread::run()+0x1c2
V  [libjvm.dylib+0x482eda]  java_start(Thread*)+0xf6
C  [libsystem_pthread.dylib+0x3aab]  _pthread_body+0xb4
C  [libsystem_pthread.dylib+0x39f7]  _pthread_body+0x0
C  [libsystem_pthread.dylib+0x31fd]  thread_start+0xd
C  0x0000000000000000

Java frames: (J=compiled Java code, j=interpreted, Vv=VM code)
J 933  sun.java2d.opengl.OGLRenderQueue.flushBuffer(JI)V (0 bytes) @ 0x00000001110399f8 [0x00000001110399c0+0x38]
J 911 C1 sun.java2d.opengl.OGLRenderQueue.flushBuffer()V (41 bytes) @ 0x00000001110317bc [0x0000000111031560+0x25c]
J 910 C1 sun.java2d.opengl.OGLRenderQueue.access$100(Lsun/java2d/opengl/OGLRenderQueue;)V (5 bytes) @ 0x000000011103121c [0x00000001110311c0+0x5c]
j  sun.java2d.opengl.OGLRenderQueue$QueueFlusher.run()V+81
v  ~StubRoutines::call_stub

---------------  P R O C E S S  ---------------

Java Threads: ( => current thread )
  0x00007fd82e272000 JavaThread "TimerQueue" daemon [_thread_blocked, id=70435, stack(0x000070000b7d7000,0x000070000b8d7000)]
  0x00007fd82eac7000 JavaThread "DestroyJavaVM" [_thread_blocked, id=6915, stack(0x000070000a28f000,0x000070000a38f000)]
  0x00007fd82e8eb000 JavaThread "AWT-EventQueue-0" [_thread_in_Java, id=57859, stack(0x000070000b651000,0x000070000b751000)]
  0x00007fd82e0c0800 JavaThread "Java2D Disposer" daemon [_thread_blocked, id=57359, stack(0x000070000b54e000,0x000070000b64e000)]
=>0x00007fd82e8b7800 JavaThread "Java2D Queue Flusher" daemon [_thread_in_native, id=55303, stack(0x000070000b44b000,0x000070000b54b000)]
  0x00007fd82e066000 JavaThread "AWT-Shutdown" [_thread_blocked, id=29471, stack(0x000070000b1bf000,0x000070000b2bf000)]
  0x00007fd82f859000 JavaThread "AppKit Thread" daemon [_thread_in_native, id=775, stack(0x00007fff564de000,0x00007fff56cde000)]
  0x00007fd82f015800 JavaThread "Service Thread" daemon [_thread_blocked, id=18691, stack(0x000070000af36000,0x000070000b036000)]
  0x00007fd82e859800 JavaThread "C1 CompilerThread2" daemon [_thread_blocked, id=18179, stack(0x000070000ae33000,0x000070000af33000)]
  0x00007fd82f06e000 JavaThread "C2 CompilerThread1" daemon [_thread_in_native, id=17667, stack(0x000070000ad30000,0x000070000ae30000)]
  0x00007fd82f011000 JavaThread "C2 CompilerThread0" daemon [_thread_in_native, id=17155, stack(0x000070000ac2d000,0x000070000ad2d000)]
  0x00007fd82e859000 JavaThread "Signal Dispatcher" daemon [_thread_blocked, id=16643, stack(0x000070000ab2a000,0x000070000ac2a000)]
  0x00007fd82f00a800 JavaThread "Finalizer" daemon [_thread_blocked, id=12291, stack(0x000070000a9a4000,0x000070000aaa4000)]
  0x00007fd82e003000 JavaThread "Reference Handler" daemon [_thread_blocked, id=11779, stack(0x000070000a8a1000,0x000070000a9a1000)]

Other Threads:
  0x00007fd82f836000 VMThread [stack: 0x000070000a79e000,0x000070000a89e000] [id=11267]
  0x00007fd82e85a800 WatcherThread [stack: 0x000070000b039000,0x000070000b139000] [id=19203]

VM state:not at safepoint (normal execution)

VM Mutex/Monitor currently owned by a thread: None

Heap:
 PSYoungGen      total 136192K, used 116993K [0x0000000795580000, 0x00000007a8280000, 0x00000007c0000000)
  eden space 132096K, 85% used [0x0000000795580000,0x000000079c3c5ef0,0x000000079d680000)
  from space 4096K, 99% used [0x000000079d680000,0x000000079da7a760,0x000000079da80000)
  to   space 22016K, 0% used [0x00000007a6d00000,0x00000007a6d00000,0x00000007a8280000)
 ParOldGen       total 87552K, used 36521K [0x0000000740000000, 0x0000000745580000, 0x0000000795580000)
  object space 87552K, 41% used [0x0000000740000000,0x00000007423aa628,0x0000000745580000)
 Metaspace       used 11593K, capacity 11826K, committed 12160K, reserved 1060864K
  class space    used 1516K, capacity 1613K, committed 1664K, reserved 1048576K

Card table byte_map: [0x000000010ab4f000,0x000000010af50000] byte_map_base: 0x000000010714f000

Marking Bits: (ParMarkBitMap*) 0x000000010a0e3ea0
 Begin Bits: [0x000000010b1fb000, 0x000000010d1fb000)
 End Bits:   [0x000000010d1fb000, 0x000000010f1fb000)

Polling page: 0x0000000108fe2000

CodeCache: size=245760Kb used=4073Kb max_used=4073Kb free=241686Kb
 bounds [0x0000000110ced000, 0x00000001110ed000, 0x000000011fced000]
 total_blobs=1734 nmethods=1222 adapters=425
 compilation: enabled

Compilation events (10 events):
Event: 2088.086 Thread 0x00007fd82e859800 1221       3       java.util.concurrent.atomic.AtomicLong::get (5 bytes)
Event: 2088.086 Thread 0x00007fd82e859800 nmethod 1221 0x00000001110e3ed0 code [0x00000001110e4020, 0x00000001110e4170]
Event: 2088.086 Thread 0x00007fd82e859800 1222       3       java.util.concurrent.atomic.AtomicLong::compareAndSet (13 bytes)
Event: 2088.086 Thread 0x00007fd82e859800 nmethod 1222 0x00000001110e41d0 code [0x00000001110e4320, 0x00000001110e4490]
Event: 2088.086 Thread 0x00007fd82e859800 1223       3       java.util.Random::next (47 bytes)
Event: 2088.087 Thread 0x00007fd82e859800 nmethod 1223 0x00000001110e4510 code [0x00000001110e4680, 0x00000001110e4a90]
Event: 2088.087 Thread 0x00007fd82e859800 1224       3       hexagonalpets.GetTiling::list_contain_pt (41 bytes)
Event: 2088.087 Thread 0x00007fd82e859800 nmethod 1224 0x00000001110e4c10 code [0x00000001110e4dc0, 0x00000001110e5358]
Event: 2088.087 Thread 0x00007fd82e859800 1225       3       java.lang.Math::random (7 bytes)
Event: 2088.087 Thread 0x00007fd82e859800 nmethod 1225 0x00000001110e5510 code [0x00000001110e56c0, 0x00000001110e5938]

GC Heap History (10 events):
Event: 2.816 GC heap before
{Heap before GC invocations=3 (full 0):
 PSYoungGen      total 38400K, used 35901K [0x0000000795580000, 0x000000079a080000, 0x00000007c0000000)
  eden space 33280K, 100% used [0x0000000795580000,0x0000000797600000,0x0000000797600000)
  from space 5120K, 51% used [0x0000000797b00000,0x0000000797d8f620,0x0000000798000000)
  to   space 5120K, 0% used [0x0000000797600000,0x0000000797600000,0x0000000797b00000)
 ParOldGen       total 87552K, used 8K [0x0000000740000000, 0x0000000745580000, 0x0000000795580000)
  object space 87552K, 0% used [0x0000000740000000,0x0000000740002000,0x0000000745580000)
 Metaspace       used 8364K, capacity 8516K, committed 8576K, reserved 1056768K
  class space    used 1065K, capacity 1152K, committed 1152K, reserved 1048576K
Event: 2.830 GC heap after
Heap after GC invocations=3 (full 0):
 PSYoungGen      total 38400K, used 2770K [0x0000000795580000, 0x000000079a080000, 0x00000007c0000000)
  eden space 33280K, 0% used [0x0000000795580000,0x0000000795580000,0x0000000797600000)
  from space 5120K, 54% used [0x0000000797600000,0x00000007978b48c0,0x0000000797b00000)
  to   space 5120K, 0% used [0x0000000799b80000,0x0000000799b80000,0x000000079a080000)
 ParOldGen       total 87552K, used 16K [0x0000000740000000, 0x0000000745580000, 0x0000000795580000)
  object space 87552K, 0% used [0x0000000740000000,0x0000000740004000,0x0000000745580000)
 Metaspace       used 8364K, capacity 8516K, committed 8576K, reserved 1056768K
  class space    used 1065K, capacity 1152K, committed 1152K, reserved 1048576K
}
Event: 2.864 GC heap before
{Heap before GC invocations=4 (full 0):
 PSYoungGen      total 38400K, used 36050K [0x0000000795580000, 0x000000079a080000, 0x00000007c0000000)
  eden space 33280K, 100% used [0x0000000795580000,0x0000000797600000,0x0000000797600000)
  from space 5120K, 54% used [0x0000000797600000,0x00000007978b48c0,0x0000000797b00000)
  to   space 5120K, 0% used [0x0000000799b80000,0x0000000799b80000,0x000000079a080000)
 ParOldGen       total 87552K, used 16K [0x0000000740000000, 0x0000000745580000, 0x0000000795580000)
  object space 87552K, 0% used [0x0000000740000000,0x0000000740004000,0x0000000745580000)
 Metaspace       used 8364K, capacity 8516K, committed 8576K, reserved 1056768K
  class space    used 1065K, capacity 1152K, committed 1152K, reserved 1048576K
Event: 2.870 GC heap after
Heap after GC invocations=4 (full 0):
 PSYoungGen      total 71680K, used 2744K [0x0000000795580000, 0x000000079a080000, 0x00000007c0000000)
  eden space 66560K, 0% used [0x0000000795580000,0x0000000795580000,0x0000000799680000)
  from space 5120K, 53% used [0x0000000799b80000,0x0000000799e2e390,0x000000079a080000)
  to   space 5120K, 0% used [0x0000000799680000,0x0000000799680000,0x0000000799b80000)
 ParOldGen       total 87552K, used 24K [0x0000000740000000, 0x0000000745580000, 0x0000000795580000)
  object space 87552K, 0% used [0x0000000740000000,0x0000000740006000,0x0000000745580000)
 Metaspace       used 8364K, capacity 8516K, committed 8576K, reserved 1056768K
  class space    used 1065K, capacity 1152K, committed 1152K, reserved 1048576K
}
Event: 3.173 GC heap before
{Heap before GC invocations=5 (full 0):
 PSYoungGen      total 71680K, used 69304K [0x0000000795580000, 0x000000079a080000, 0x00000007c0000000)
  eden space 66560K, 100% used [0x0000000795580000,0x0000000799680000,0x0000000799680000)
  from space 5120K, 53% used [0x0000000799b80000,0x0000000799e2e390,0x000000079a080000)
  to   space 5120K, 0% used [0x0000000799680000,0x0000000799680000,0x0000000799b80000)
 ParOldGen       total 87552K, used 24K [0x0000000740000000, 0x0000000745580000, 0x0000000795580000)
  object space 87552K, 0% used [0x0000000740000000,0x0000000740006000,0x0000000745580000)
 Metaspace       used 8406K, capacity 8580K, committed 8832K, reserved 1056768K
  class space    used 1069K, capacity 1152K, committed 1152K, reserved 1048576K
Event: 3.181 GC heap after
Heap after GC invocations=5 (full 0):
 PSYoungGen      total 71680K, used 2799K [0x0000000795580000, 0x000000079dd80000, 0x00000007c0000000)
  eden space 66560K, 0% used [0x0000000795580000,0x0000000795580000,0x0000000799680000)
  from space 5120K, 54% used [0x0000000799680000,0x000000079993be70,0x0000000799b80000)
  to   space 3072K, 0% used [0x000000079da80000,0x000000079da80000,0x000000079dd80000)
 ParOldGen       total 87552K, used 32K [0x0000000740000000, 0x0000000745580000, 0x0000000795580000)
  object space 87552K, 0% used [0x0000000740000000,0x0000000740008000,0x0000000745580000)
 Metaspace       used 8406K, capacity 8580K, committed 8832K, reserved 1056768K
  class space    used 1069K, capacity 1152K, committed 1152K, reserved 1048576K
}
Event: 2088.002 GC heap before
{Heap before GC invocations=6 (full 0):
 PSYoungGen      total 71680K, used 69359K [0x0000000795580000, 0x000000079dd80000, 0x00000007c0000000)
  eden space 66560K, 99% used [0x0000000795580000,0x000000079967ff80,0x0000000799680000)
  from space 5120K, 54% used [0x0000000799680000,0x000000079993be70,0x0000000799b80000)
  to   space 3072K, 0% used [0x000000079da80000,0x000000079da80000,0x000000079dd80000)
 ParOldGen       total 87552K, used 32K [0x0000000740000000, 0x0000000745580000, 0x0000000795580000)
  object space 87552K, 0% used [0x0000000740000000,0x0000000740008000,0x0000000745580000)
 Metaspace       used 11538K, capacity 11762K, committed 11904K, reserved 1058816K
  class space    used 1513K, capacity 1613K, committed 1664K, reserved 1048576K
Event: 2088.007 GC heap after
Heap after GC invocations=6 (full 0):
 PSYoungGen      total 135168K, used 3051K [0x0000000795580000, 0x000000079df80000, 0x00000007c0000000)
  eden space 132096K, 0% used [0x0000000795580000,0x0000000795580000,0x000000079d680000)
  from space 3072K, 99% used [0x000000079da80000,0x000000079dd7ae60,0x000000079dd80000)
  to   space 4096K, 0% used [0x000000079d680000,0x000000079d680000,0x000000079da80000)
 ParOldGen       total 87552K, used 1458K [0x0000000740000000, 0x0000000745580000, 0x0000000795580000)
  object space 87552K, 1% used [0x0000000740000000,0x000000074016ca00,0x0000000745580000)
 Metaspace       used 11538K, capacity 11762K, committed 11904K, reserved 1058816K
  class space    used 1513K, capacity 1613K, committed 1664K, reserved 1048576K
}
Event: 2088.060 GC heap before
{Heap before GC invocations=7 (full 0):
 PSYoungGen      total 135168K, used 135147K [0x0000000795580000, 0x000000079df80000, 0x00000007c0000000)
  eden space 132096K, 100% used [0x0000000795580000,0x000000079d680000,0x000000079d680000)
  from space 3072K, 99% used [0x000000079da80000,0x000000079dd7ae60,0x000000079dd80000)
  to   space 4096K, 0% used [0x000000079d680000,0x000000079d680000,0x000000079da80000)
 ParOldGen       total 87552K, used 1458K [0x0000000740000000, 0x0000000745580000, 0x0000000795580000)
  object space 87552K, 1% used [0x0000000740000000,0x000000074016ca00,0x0000000745580000)
 Metaspace       used 11568K, capacity 11826K, committed 12160K, reserved 1060864K
  class space    used 1514K, capacity 1613K, committed 1664K, reserved 1048576K
Event: 2088.080 GC heap after
Heap after GC invocations=7 (full 0):
 PSYoungGen      total 136192K, used 4073K [0x0000000795580000, 0x00000007a8280000, 0x00000007c0000000)
  eden space 132096K, 0% used [0x0000000795580000,0x0000000795580000,0x000000079d680000)
  from space 4096K, 99% used [0x000000079d680000,0x000000079da7a760,0x000000079da80000)
  to   space 22016K, 0% used [0x00000007a6d00000,0x00000007a6d00000,0x00000007a8280000)
 ParOldGen       total 87552K, used 36521K [0x0000000740000000, 0x0000000745580000, 0x0000000795580000)
  object space 87552K, 41% used [0x0000000740000000,0x00000007423aa628,0x0000000745580000)
 Metaspace       used 11568K, capacity 11826K, committed 12160K, reserved 1060864K
  class space    used 1514K, capacity 1613K, committed 1664K, reserved 1048576K
}

Deoptimization events (4 events):
Event: 2085.582 Thread 0x00007fd82e8eb000 Uncommon trap: reason=class_check action=maybe_recompile pc=0x0000000110e5e3dc method=java.lang.String.equals(Ljava/lang/Object;)Z @ 8
Event: 2085.582 Thread 0x00007fd82e8eb000 Uncommon trap: reason=class_check action=maybe_recompile pc=0x0000000110e5e3dc method=java.lang.String.equals(Ljava/lang/Object;)Z @ 8
Event: 2085.987 Thread 0x00007fd82e8eb000 Uncommon trap: reason=class_check action=maybe_recompile pc=0x0000000110e5e3dc method=java.lang.String.equals(Ljava/lang/Object;)Z @ 8
Event: 2085.987 Thread 0x00007fd82e8eb000 Uncommon trap: reason=class_check action=maybe_recompile pc=0x0000000110e5e3dc method=java.lang.String.equals(Ljava/lang/Object;)Z @ 8

Internal exceptions (10 events):
Event: 2088.022 Thread 0x00007fd82e8eb000 Exception <a 'java/lang/ArrayIndexOutOfBoundsException': -1> (0x0000000799914c38) thrown at [/Users/java_re/workspace/8-2-build-macosx-x86_64/jdk8u77/6540/hotspot/src/share/vm/interpreter/interpreterRuntime.cpp, line 366]
Event: 2088.038 Thread 0x00007fd82e8eb000 Exception <a 'java/lang/ArrayIndexOutOfBoundsException': -1> (0x000000079b34b070) thrown at [/Users/java_re/workspace/8-2-build-macosx-x86_64/jdk8u77/6540/hotspot/src/share/vm/interpreter/interpreterRuntime.cpp, line 366]
Event: 2088.039 Thread 0x00007fd82e8eb000 Exception <a 'java/lang/ArrayIndexOutOfBoundsException': -1> (0x000000079b3a89d0) thrown at [/Users/java_re/workspace/8-2-build-macosx-x86_64/jdk8u77/6540/hotspot/src/share/vm/interpreter/interpreterRuntime.cpp, line 366]
Event: 2088.040 Thread 0x00007fd82e8eb000 Exception <a 'java/lang/ArrayIndexOutOfBoundsException': -1> (0x000000079b628348) thrown at [/Users/java_re/workspace/8-2-build-macosx-x86_64/jdk8u77/6540/hotspot/src/share/vm/interpreter/interpreterRuntime.cpp, line 366]
Event: 2088.040 Thread 0x00007fd82e8eb000 Exception <a 'java/lang/ArrayIndexOutOfBoundsException': -1> (0x000000079b641b70) thrown at [/Users/java_re/workspace/8-2-build-macosx-x86_64/jdk8u77/6540/hotspot/src/share/vm/interpreter/interpreterRuntime.cpp, line 366]
Event: 2088.041 Thread 0x00007fd82e8eb000 Exception <a 'java/lang/ArrayIndexOutOfBoundsException': -1> (0x000000079b6c3250) thrown at [/Users/java_re/workspace/8-2-build-macosx-x86_64/jdk8u77/6540/hotspot/src/share/vm/interpreter/interpreterRuntime.cpp, line 366]
Event: 2088.041 Thread 0x00007fd82e8eb000 Exception <a 'java/lang/ArrayIndexOutOfBoundsException': -1> (0x000000079b7f2318) thrown at [/Users/java_re/workspace/8-2-build-macosx-x86_64/jdk8u77/6540/hotspot/src/share/vm/interpreter/interpreterRuntime.cpp, line 366]
Event: 2088.042 Thread 0x00007fd82e8eb000 Exception <a 'java/lang/ArrayIndexOutOfBoundsException': -1> (0x000000079b860af8) thrown at [/Users/java_re/workspace/8-2-build-macosx-x86_64/jdk8u77/6540/hotspot/src/share/vm/interpreter/interpreterRuntime.cpp, line 366]
Event: 2088.042 Thread 0x00007fd82e8eb000 Exception <a 'java/lang/ArrayIndexOutOfBoundsException': -1> (0x000000079b904f08) thrown at [/Users/java_re/workspace/8-2-build-macosx-x86_64/jdk8u77/6540/hotspot/src/share/vm/interpreter/interpreterRuntime.cpp, line 366]
Event: 2088.043 Thread 0x00007fd82e8eb000 Exception <a 'java/lang/ArrayIndexOutOfBoundsException': -1> (0x000000079b9e7e30) thrown at [/Users/java_re/workspace/8-2-build-macosx-x86_64/jdk8u77/6540/hotspot/src/share/vm/interpreter/interpreterRuntime.cpp, line 366]

Events (10 events):
Event: 2088.080 Executing VM operation: RevokeBias
Event: 2088.080 Executing VM operation: RevokeBias done
Event: 2088.080 Executing VM operation: RevokeBias
Event: 2088.080 Executing VM operation: RevokeBias done
Event: 2088.080 loading class sun/font/StrikeCache$2
Event: 2088.081 loading class sun/font/StrikeCache$2 done
Event: 2088.081 Executing VM operation: RevokeBias
Event: 2088.081 Executing VM operation: RevokeBias done
Event: 2088.088 loading class hexagonalpets/FirstReturn
Event: 2088.088 loading class hexagonalpets/FirstReturn done


Dynamic libraries:
0x000000001a90f000 	/System/Library/Frameworks/Cocoa.framework/Versions/A/Cocoa
0x000000001a90f000 	/System/Library/Frameworks/Security.framework/Versions/A/Security
0x000000001a90f000 	/System/Library/Frameworks/ApplicationServices.framework/Versions/A/ApplicationServices
0x000000001a90f000 	/usr/lib/libz.1.dylib
0x000000001a90f000 	/usr/lib/libSystem.B.dylib
0x000000001a90f000 	/usr/lib/libobjc.A.dylib
0x000000001a90f000 	/System/Library/Frameworks/CoreFoundation.framework/Versions/A/CoreFoundation
0x000000001a90f000 	/System/Library/Frameworks/Foundation.framework/Versions/C/Foundation
0x000000001a90f000 	/System/Library/Frameworks/AppKit.framework/Versions/C/AppKit
0x000000001a90f000 	/System/Library/Frameworks/CoreData.framework/Versions/A/CoreData
0x000000001a90f000 	/System/Library/PrivateFrameworks/RemoteViewServices.framework/Versions/A/RemoteViewServices
0x000000001a90f000 	/System/Library/PrivateFrameworks/UIFoundation.framework/Versions/A/UIFoundation
0x000000001a90f000 	/System/Library/PrivateFrameworks/DFRFoundation.framework/Versions/A/DFRFoundation
0x000000001a90f000 	/usr/lib/libenergytrace.dylib
0x000000001a90f000 	/System/Library/PrivateFrameworks/SkyLight.framework/Versions/A/SkyLight
0x000000001a90f000 	/System/Library/Frameworks/CoreGraphics.framework/Versions/A/CoreGraphics
0x000000001a90f000 	/usr/lib/libScreenReader.dylib
0x000000001a90f000 	/System/Library/Frameworks/Accelerate.framework/Versions/A/Accelerate
0x000000001a90f000 	/System/Library/Frameworks/IOSurface.framework/Versions/A/IOSurface
0x000000001a90f000 	/System/Library/Frameworks/AudioToolbox.framework/Versions/A/AudioToolbox
0x000000001a90f000 	/System/Library/Frameworks/AudioUnit.framework/Versions/A/AudioUnit
0x000000001a90f000 	/System/Library/PrivateFrameworks/DataDetectorsCore.framework/Versions/A/DataDetectorsCore
0x000000001a90f000 	/System/Library/PrivateFrameworks/DesktopServicesPriv.framework/Versions/A/DesktopServicesPriv
0x000000001a90f000 	/System/Library/Frameworks/Carbon.framework/Versions/A/Frameworks/HIToolbox.framework/Versions/A/HIToolbox
0x000000001a90f000 	/usr/lib/libicucore.A.dylib
0x000000001a90f000 	/System/Library/Frameworks/QuartzCore.framework/Versions/A/QuartzCore
0x000000001a90f000 	/System/Library/Frameworks/Carbon.framework/Versions/A/Frameworks/SpeechRecognition.framework/Versions/A/SpeechRecognition
0x000000001a90f000 	/usr/lib/libauto.dylib
0x000000001a90f000 	/usr/lib/libxml2.2.dylib
0x000000001a90f000 	/System/Library/PrivateFrameworks/CoreUI.framework/Versions/A/CoreUI
0x000000001a90f000 	/System/Library/Frameworks/CoreAudio.framework/Versions/A/CoreAudio
0x000000001a90f000 	/System/Library/Frameworks/DiskArbitration.framework/Versions/A/DiskArbitration
0x000000001a90f000 	/usr/lib/liblangid.dylib
0x000000001a90f000 	/System/Library/PrivateFrameworks/MultitouchSupport.framework/Versions/A/MultitouchSupport
0x000000001a90f000 	/System/Library/Frameworks/IOKit.framework/Versions/A/IOKit
0x000000001a90f000 	/usr/lib/libDiagnosticMessagesClient.dylib
0x000000001a90f000 	/System/Library/Frameworks/CoreServices.framework/Versions/A/CoreServices
0x000000001a90f000 	/System/Library/PrivateFrameworks/PerformanceAnalysis.framework/Versions/A/PerformanceAnalysis
0x000000001a90f000 	/System/Library/PrivateFrameworks/GenerationalStorage.framework/Versions/A/GenerationalStorage
0x000000001a90f000 	/System/Library/Frameworks/OpenGL.framework/Versions/A/OpenGL
0x000000001a90f000 	/System/Library/Frameworks/CoreImage.framework/Versions/A/CoreImage
0x000000001a90f000 	/System/Library/Frameworks/CoreText.framework/Versions/A/CoreText
0x000000001a90f000 	/System/Library/Frameworks/ImageIO.framework/Versions/A/ImageIO
0x000000001a90f000 	/System/Library/PrivateFrameworks/Backup.framework/Versions/A/Backup
0x000000001a90f000 	/usr/lib/libarchive.2.dylib
0x000000001a90f000 	/System/Library/Frameworks/CFNetwork.framework/Versions/A/CFNetwork
0x000000001a90f000 	/System/Library/Frameworks/SystemConfiguration.framework/Versions/A/SystemConfiguration
0x000000001a90f000 	/usr/lib/libCRFSuite.dylib
0x000000001a90f000 	/usr/lib/libc++.1.dylib
0x000000001a90f000 	/usr/lib/libc++abi.dylib
0x000000001a90f000 	/usr/lib/system/libcache.dylib
0x000000001a90f000 	/usr/lib/system/libcommonCrypto.dylib
0x000000001a90f000 	/usr/lib/system/libcompiler_rt.dylib
0x000000001a90f000 	/usr/lib/system/libcopyfile.dylib
0x000000001a90f000 	/usr/lib/system/libcorecrypto.dylib
0x000000001a90f000 	/usr/lib/system/libdispatch.dylib
0x000000001a90f000 	/usr/lib/system/libdyld.dylib
0x000000001a90f000 	/usr/lib/system/libkeymgr.dylib
0x000000001a90f000 	/usr/lib/system/liblaunch.dylib
0x000000001a90f000 	/usr/lib/system/libmacho.dylib
0x000000001a90f000 	/usr/lib/system/libquarantine.dylib
0x000000001a90f000 	/usr/lib/system/libremovefile.dylib
0x000000001a90f000 	/usr/lib/system/libsystem_asl.dylib
0x000000001a90f000 	/usr/lib/system/libsystem_blocks.dylib
0x000000001a90f000 	/usr/lib/system/libsystem_c.dylib
0x000000001a90f000 	/usr/lib/system/libsystem_configuration.dylib
0x000000001a90f000 	/usr/lib/system/libsystem_coreservices.dylib
0x000000001a90f000 	/usr/lib/system/libsystem_coretls.dylib
0x000000001a90f000 	/usr/lib/system/libsystem_dnssd.dylib
0x000000001a90f000 	/usr/lib/system/libsystem_info.dylib
0x000000001a90f000 	/usr/lib/system/libsystem_kernel.dylib
0x000000001a90f000 	/usr/lib/system/libsystem_m.dylib
0x000000001a90f000 	/usr/lib/system/libsystem_malloc.dylib
0x000000001a90f000 	/usr/lib/system/libsystem_network.dylib
0x000000001a90f000 	/usr/lib/system/libsystem_networkextension.dylib
0x000000001a90f000 	/usr/lib/system/libsystem_notify.dylib
0x000000001a90f000 	/usr/lib/system/libsystem_platform.dylib
0x000000001a90f000 	/usr/lib/system/libsystem_pthread.dylib
0x000000001a90f000 	/usr/lib/system/libsystem_sandbox.dylib
0x000000001a90f000 	/usr/lib/system/libsystem_secinit.dylib
0x000000001a90f000 	/usr/lib/system/libsystem_symptoms.dylib
0x000000001a90f000 	/usr/lib/system/libsystem_trace.dylib
0x000000001a90f000 	/usr/lib/system/libunwind.dylib
0x000000001a90f000 	/usr/lib/system/libxpc.dylib
0x000000001a90f000 	/usr/lib/libbsm.0.dylib
0x000000001a90f000 	/usr/lib/system/libkxld.dylib
0x000000001a90f000 	/usr/lib/libcoretls.dylib
0x000000001a90f000 	/usr/lib/libcoretls_cfhelpers.dylib
0x000000001a90f000 	/usr/lib/libxar.1.dylib
0x000000001a90f000 	/usr/lib/libsqlite3.dylib
0x000000001a90f000 	/usr/lib/libpam.2.dylib
0x000000001a90f000 	/usr/lib/libOpenScriptingUtil.dylib
0x000000001a90f000 	/usr/lib/libbz2.1.0.dylib
0x000000001a90f000 	/usr/lib/liblzma.5.dylib
0x000000001a90f000 	/usr/lib/libnetwork.dylib
0x000000001a90f000 	/usr/lib/libpcap.A.dylib
0x000000001a90f000 	/System/Library/Frameworks/CoreServices.framework/Versions/A/Frameworks/FSEvents.framework/Versions/A/FSEvents
0x000000001a90f000 	/System/Library/Frameworks/CoreServices.framework/Versions/A/Frameworks/CarbonCore.framework/Versions/A/CarbonCore
0x000000001a90f000 	/System/Library/Frameworks/CoreServices.framework/Versions/A/Frameworks/Metadata.framework/Versions/A/Metadata
0x000000001a90f000 	/System/Library/Frameworks/CoreServices.framework/Versions/A/Frameworks/OSServices.framework/Versions/A/OSServices
0x000000001a90f000 	/System/Library/Frameworks/CoreServices.framework/Versions/A/Frameworks/SearchKit.framework/Versions/A/SearchKit
0x000000001a90f000 	/System/Library/Frameworks/CoreServices.framework/Versions/A/Frameworks/AE.framework/Versions/A/AE
0x000000001a90f000 	/System/Library/Frameworks/CoreServices.framework/Versions/A/Frameworks/LaunchServices.framework/Versions/A/LaunchServices
0x000000001a90f000 	/System/Library/Frameworks/CoreServices.framework/Versions/A/Frameworks/DictionaryServices.framework/Versions/A/DictionaryServices
0x000000001a90f000 	/System/Library/Frameworks/CoreServices.framework/Versions/A/Frameworks/SharedFileList.framework/Versions/A/SharedFileList
0x000000001a90f000 	/System/Library/Frameworks/NetFS.framework/Versions/A/NetFS
0x000000001a90f000 	/System/Library/PrivateFrameworks/NetAuth.framework/Versions/A/NetAuth
0x000000001a90f000 	/System/Library/PrivateFrameworks/login.framework/Versions/A/Frameworks/loginsupport.framework/Versions/A/loginsupport
0x000000001a90f000 	/System/Library/PrivateFrameworks/TCC.framework/Versions/A/TCC
0x000000001a90f000 	/usr/lib/libmecabra.dylib
0x000000001a90f000 	/System/Library/Frameworks/ApplicationServices.framework/Versions/A/Frameworks/ATS.framework/Versions/A/ATS
0x000000001a90f000 	/System/Library/Frameworks/ApplicationServices.framework/Versions/A/Frameworks/ColorSync.framework/Versions/A/ColorSync
0x000000001a90f000 	/System/Library/Frameworks/ApplicationServices.framework/Versions/A/Frameworks/HIServices.framework/Versions/A/HIServices
0x000000001a90f000 	/System/Library/Frameworks/ApplicationServices.framework/Versions/A/Frameworks/LangAnalysis.framework/Versions/A/LangAnalysis
0x000000001a90f000 	/System/Library/Frameworks/ApplicationServices.framework/Versions/A/Frameworks/PrintCore.framework/Versions/A/PrintCore
0x000000001a90f000 	/System/Library/Frameworks/ApplicationServices.framework/Versions/A/Frameworks/QD.framework/Versions/A/QD
0x000000001a90f000 	/System/Library/Frameworks/ApplicationServices.framework/Versions/A/Frameworks/SpeechSynthesis.framework/Versions/A/SpeechSynthesis
0x000000001a90f000 	/System/Library/Frameworks/Accelerate.framework/Versions/A/Frameworks/vImage.framework/Versions/A/vImage
0x000000001a90f000 	/System/Library/Frameworks/Accelerate.framework/Versions/A/Frameworks/vecLib.framework/Versions/A/vecLib
0x000000001a90f000 	/System/Library/Frameworks/Accelerate.framework/Versions/A/Frameworks/vecLib.framework/Versions/A/libvDSP.dylib
0x000000001a90f000 	/System/Library/Frameworks/Accelerate.framework/Versions/A/Frameworks/vecLib.framework/Versions/A/libBNNS.dylib
0x000000001a90f000 	/System/Library/Frameworks/Accelerate.framework/Versions/A/Frameworks/vecLib.framework/Versions/A/libQuadrature.dylib
0x000000001a90f000 	/System/Library/Frameworks/Accelerate.framework/Versions/A/Frameworks/vecLib.framework/Versions/A/libvMisc.dylib
0x000000001a90f000 	/System/Library/Frameworks/Accelerate.framework/Versions/A/Frameworks/vecLib.framework/Versions/A/libLAPACK.dylib
0x000000001a90f000 	/System/Library/Frameworks/Accelerate.framework/Versions/A/Frameworks/vecLib.framework/Versions/A/libBLAS.dylib
0x000000001a90f000 	/System/Library/Frameworks/Accelerate.framework/Versions/A/Frameworks/vecLib.framework/Versions/A/libLinearAlgebra.dylib
0x000000001a90f000 	/System/Library/Frameworks/Accelerate.framework/Versions/A/Frameworks/vecLib.framework/Versions/A/libSparseBLAS.dylib
0x000000001a90f000 	/System/Library/Frameworks/ApplicationServices.framework/Versions/A/Frameworks/ATS.framework/Versions/A/Resources/libFontParser.dylib
0x000000001a90f000 	/System/Library/Frameworks/ApplicationServices.framework/Versions/A/Frameworks/ATS.framework/Versions/A/Resources/libFontRegistry.dylib
0x000000001a90f000 	/System/Library/Frameworks/ImageIO.framework/Versions/A/Resources/libJPEG.dylib
0x000000001a90f000 	/System/Library/Frameworks/ImageIO.framework/Versions/A/Resources/libTIFF.dylib
0x000000001a90f000 	/System/Library/Frameworks/ImageIO.framework/Versions/A/Resources/libPng.dylib
0x000000001a90f000 	/System/Library/Frameworks/ImageIO.framework/Versions/A/Resources/libGIF.dylib
0x000000001a90f000 	/System/Library/Frameworks/ImageIO.framework/Versions/A/Resources/libJP2.dylib
0x000000001a90f000 	/System/Library/Frameworks/ImageIO.framework/Versions/A/Resources/libRadiance.dylib
0x000000001a90f000 	/usr/lib/libcompression.dylib
0x000000001a90f000 	/System/Library/PrivateFrameworks/AppleJPEG.framework/Versions/A/AppleJPEG
0x000000001a90f000 	/usr/lib/libcups.2.dylib
0x000000001a90f000 	/System/Library/Frameworks/Kerberos.framework/Versions/A/Kerberos
0x000000001a90f000 	/System/Library/Frameworks/GSS.framework/Versions/A/GSS
0x000000001a90f000 	/usr/lib/libresolv.9.dylib
0x000000001a90f000 	/usr/lib/libiconv.2.dylib
0x000000001a90f000 	/System/Library/PrivateFrameworks/Heimdal.framework/Versions/A/Heimdal
0x000000001a90f000 	/usr/lib/libheimdal-asn1.dylib
0x000000001a90f000 	/System/Library/Frameworks/OpenDirectory.framework/Versions/A/OpenDirectory
0x000000001a90f000 	/System/Library/PrivateFrameworks/CommonAuth.framework/Versions/A/CommonAuth
0x000000001a90f000 	/System/Library/Frameworks/OpenDirectory.framework/Versions/A/Frameworks/CFOpenDirectory.framework/Versions/A/CFOpenDirectory
0x000000001a90f000 	/System/Library/Frameworks/SecurityFoundation.framework/Versions/A/SecurityFoundation
0x000000001a90f000 	/System/Library/PrivateFrameworks/LanguageModeling.framework/Versions/A/LanguageModeling
0x000000001a90f000 	/usr/lib/libmarisa.dylib
0x000000001a90f000 	/usr/lib/libChineseTokenizer.dylib
0x000000001a90f000 	/usr/lib/libcmph.dylib
0x000000001a90f000 	/System/Library/PrivateFrameworks/CoreEmoji.framework/Versions/A/CoreEmoji
0x000000001a90f000 	/System/Library/Frameworks/ServiceManagement.framework/Versions/A/ServiceManagement
0x000000001a90f000 	/usr/lib/libxslt.1.dylib
0x000000001a90f000 	/System/Library/Frameworks/Carbon.framework/Versions/A/Frameworks/Ink.framework/Versions/A/Ink
0x000000001a90f000 	/System/Library/PrivateFrameworks/TextureIO.framework/Versions/A/TextureIO
0x000000001a90f000 	/System/Library/Frameworks/Metal.framework/Versions/A/Metal
0x000000001a90f000 	/usr/lib/libate.dylib
0x000000001a90f000 	/System/Library/PrivateFrameworks/GPUCompiler.framework/libmetal_timestamp.dylib
0x000000001a90f000 	/System/Library/Frameworks/OpenGL.framework/Versions/A/Libraries/libCoreFSCache.dylib
0x000000001a90f000 	/System/Library/PrivateFrameworks/IOAccelerator.framework/Versions/A/IOAccelerator
0x000000001a90f000 	/System/Library/Frameworks/CoreVideo.framework/Versions/A/CoreVideo
0x000000001a90f000 	/usr/lib/libFosl_dynamic.dylib
0x000000001a90f000 	/System/Library/PrivateFrameworks/MetalPerformanceShaders.framework/Versions/A/MetalPerformanceShaders
0x000000001a90f000 	/System/Library/PrivateFrameworks/FaceCore.framework/Versions/A/FaceCore
0x000000001a90f000 	/System/Library/Frameworks/OpenCL.framework/Versions/A/OpenCL
0x000000001a90f000 	/System/Library/Frameworks/OpenGL.framework/Versions/A/Libraries/libGLU.dylib
0x000000001a90f000 	/System/Library/Frameworks/OpenGL.framework/Versions/A/Libraries/libGFXShared.dylib
0x000000001a90f000 	/System/Library/Frameworks/OpenGL.framework/Versions/A/Libraries/libGL.dylib
0x000000001a90f000 	/System/Library/Frameworks/OpenGL.framework/Versions/A/Libraries/libGLImage.dylib
0x000000001a90f000 	/System/Library/Frameworks/OpenGL.framework/Versions/A/Libraries/libCVMSPluginSupport.dylib
0x000000001a90f000 	/System/Library/Frameworks/OpenGL.framework/Versions/A/Libraries/libCoreVMClient.dylib
0x000000001a90f000 	/System/Library/PrivateFrameworks/CrashReporterSupport.framework/Versions/A/CrashReporterSupport
0x000000001a90f000 	/System/Library/PrivateFrameworks/Sharing.framework/Versions/A/Sharing
0x000000001a90f000 	/System/Library/PrivateFrameworks/IconServices.framework/Versions/A/IconServices
0x000000001a90f000 	/System/Library/PrivateFrameworks/ProtocolBuffer.framework/Versions/A/ProtocolBuffer
0x000000001a90f000 	/System/Library/PrivateFrameworks/Apple80211.framework/Versions/A/Apple80211
0x000000001a90f000 	/System/Library/Frameworks/CoreWLAN.framework/Versions/A/CoreWLAN
0x000000001a90f000 	/System/Library/PrivateFrameworks/CoreUtils.framework/Versions/A/CoreUtils
0x000000001a90f000 	/System/Library/Frameworks/IOBluetooth.framework/Versions/A/IOBluetooth
0x000000001a90f000 	/System/Library/PrivateFrameworks/CoreWiFi.framework/Versions/A/CoreWiFi
0x000000001a90f000 	/System/Library/Frameworks/CoreBluetooth.framework/Versions/A/CoreBluetooth
0x000000001a90f000 	/System/Library/Frameworks/CoreDisplay.framework/Versions/A/CoreDisplay
0x000000001a90f000 	/System/Library/PrivateFrameworks/IOPresentment.framework/Versions/A/IOPresentment
0x000000001a90f000 	/System/Library/PrivateFrameworks/DebugSymbols.framework/Versions/A/DebugSymbols
0x000000001a90f000 	/System/Library/PrivateFrameworks/CoreSymbolication.framework/Versions/A/CoreSymbolication
0x000000001a90f000 	/System/Library/PrivateFrameworks/Symbolication.framework/Versions/A/Symbolication
0x000000001a90f000 	/System/Library/PrivateFrameworks/AppleFSCompression.framework/Versions/A/AppleFSCompression
0x000000001a90f000 	/System/Library/PrivateFrameworks/SpeechRecognitionCore.framework/Versions/A/SpeechRecognitionCore
0x000000001a90f000 	/System/Library/PrivateFrameworks/ChunkingLibrary.framework/Versions/A/ChunkingLibrary
0x0000000109800000 	/Library/Java/JavaVirtualMachines/jdk1.8.0_77.jdk/Contents/Home/jre/lib/server/libjvm.dylib
0x000000001a90f000 	/usr/lib/libstdc++.6.dylib
0x0000000108f9f000 	/Library/Java/JavaVirtualMachines/jdk1.8.0_77.jdk/Contents/Home/jre/lib/libverify.dylib
0x0000000108fad000 	/Library/Java/JavaVirtualMachines/jdk1.8.0_77.jdk/Contents/Home/jre/lib/libjava.dylib
0x0000000108fec000 	/Library/Java/JavaVirtualMachines/jdk1.8.0_77.jdk/Contents/Home/jre/lib/libzip.dylib
0x0000000110bf1000 	/System/Library/Frameworks/JavaVM.framework/Frameworks/JavaRuntimeSupport.framework/JavaRuntimeSupport
0x0000000110c0b000 	/System/Library/Frameworks/JavaVM.framework/Versions/A/Frameworks/JavaNativeFoundation.framework/Versions/A/JavaNativeFoundation
0x0000000110c20000 	/System/Library/Frameworks/JavaVM.framework/Versions/A/JavaVM
0x000000001a90f000 	/System/Library/Frameworks/Carbon.framework/Versions/A/Carbon
0x0000000110c2d000 	/System/Library/PrivateFrameworks/JavaLaunching.framework/Versions/A/JavaLaunching
0x000000001a90f000 	/System/Library/Frameworks/Carbon.framework/Versions/A/Frameworks/CommonPanels.framework/Versions/A/CommonPanels
0x000000001a90f000 	/System/Library/Frameworks/Carbon.framework/Versions/A/Frameworks/Help.framework/Versions/A/Help
0x000000001a90f000 	/System/Library/Frameworks/Carbon.framework/Versions/A/Frameworks/ImageCapture.framework/Versions/A/ImageCapture
0x000000001a90f000 	/System/Library/Frameworks/Carbon.framework/Versions/A/Frameworks/OpenScripting.framework/Versions/A/OpenScripting
0x000000001a90f000 	/System/Library/Frameworks/Carbon.framework/Versions/A/Frameworks/Print.framework/Versions/A/Print
0x000000001a90f000 	/System/Library/Frameworks/Carbon.framework/Versions/A/Frameworks/SecurityHI.framework/Versions/A/SecurityHI
0x0000000121ae5000 	/Library/Java/JavaVirtualMachines/jdk1.8.0_77.jdk/Contents/Home/jre/lib/libawt.dylib
0x0000000121b8d000 	/Library/Java/JavaVirtualMachines/jdk1.8.0_77.jdk/Contents/Home/jre/lib/./libmlib_image.dylib
0x0000000121c59000 	/Library/Java/JavaVirtualMachines/jdk1.8.0_77.jdk/Contents/Home/jre/lib/libawt_lwawt.dylib
0x0000000110c39000 	/Library/Java/JavaVirtualMachines/jdk1.8.0_77.jdk/Contents/Home/jre/lib/./libosxapp.dylib
0x000000001a90f000 	/System/Library/Frameworks/ExceptionHandling.framework/Versions/A/ExceptionHandling
0x000000001a90f000 	/System/Library/PrivateFrameworks/CoreServicesInternal.framework/Versions/A/CoreServicesInternal
0x000000001a90f000 	/System/Library/CoreServices/RawCamera.bundle/Contents/MacOS/RawCamera
0x000000001a90f000 	/System/Library/Frameworks/Accelerate.framework/Versions/A/Frameworks/vImage.framework/Versions/A/Libraries/libCGInterfaces.dylib
0x000000001a90f000 	/System/Library/Frameworks/ApplicationServices.framework/Versions/A/Frameworks/ATS.framework/Versions/A/Resources/libTrueTypeScaler.dylib
0x000000001a90f000 	/System/Library/Frameworks/OpenGL.framework/Versions/A/Resources/GLEngine.bundle/GLEngine
0x000000001a90f000 	/System/Library/Frameworks/OpenGL.framework/Versions/A/Libraries/libGLProgrammability.dylib
0x0000000123b22000 	/System/Library/Extensions/AppleIntelBDWGraphicsGLDriver.bundle/Contents/MacOS/AppleIntelBDWGraphicsGLDriver
0x000000001a90f000 	/System/Library/PrivateFrameworks/GPUSupport.framework/Versions/A/Libraries/libGPUSupportMercury.dylib
0x000000001a90f000 	/System/Library/Frameworks/OpenGL.framework/Versions/A/Resources/GLRendererFloat.bundle/GLRendererFloat
0x000000001a90f000 	/System/Library/Frameworks/OpenCL.framework/Versions/A/Libraries/libcldcpuengine.dylib
0x000000001a90f000 	/usr/lib/libcrypto.0.9.8.dylib
0x000000001a90f000 	/System/Library/PrivateFrameworks/TrustEvaluationAgent.framework/Versions/A/TrustEvaluationAgent
0x0000000124280000 	/System/Library/Extensions/AppleIntelBDWGraphicsMTLDriver.bundle/Contents/MacOS/AppleIntelBDWGraphicsMTLDriver
0x000000001a90f000 	/System/Library/PrivateFrameworks/FamilyControls.framework/Versions/A/FamilyControls
0x000000001a90f000 	/System/Library/PrivateFrameworks/CommerceKit.framework/Versions/A/Frameworks/CommerceCore.framework/Versions/A/CommerceCore
0x000000001a90f000 	/System/Library/PrivateFrameworks/SystemAdministration.framework/Versions/A/SystemAdministration
0x000000001a90f000 	/System/Library/PrivateFrameworks/AppContainer.framework/Versions/A/AppContainer
0x000000001a90f000 	/System/Library/PrivateFrameworks/SecCodeWrapper.framework/Versions/A/SecCodeWrapper
0x000000001a90f000 	/System/Library/Frameworks/DirectoryService.framework/Versions/A/DirectoryService
0x000000001a90f000 	/System/Library/PrivateFrameworks/DiskImages.framework/Versions/A/DiskImages
0x000000001a90f000 	/System/Library/PrivateFrameworks/LoginUIKit.framework/Versions/A/Frameworks/LoginUICore.framework/Versions/A/LoginUICore
0x000000001a90f000 	/usr/lib/libCoreStorage.dylib
0x000000001a90f000 	/usr/lib/libcsfde.dylib
0x000000001a90f000 	/usr/lib/libodfde.dylib
0x000000001a90f000 	/System/Library/Frameworks/DiscRecording.framework/Versions/A/DiscRecording
0x000000001a90f000 	/usr/lib/libcurl.4.dylib
0x000000001a90f000 	/System/Library/PrivateFrameworks/MediaKit.framework/Versions/A/MediaKit
0x000000001a90f000 	/System/Library/PrivateFrameworks/ProtectedCloudStorage.framework/Versions/A/ProtectedCloudStorage
0x000000001a90f000 	/System/Library/PrivateFrameworks/EFILogin.framework/Versions/A/EFILogin
0x000000001a90f000 	/usr/lib/libutil.dylib
0x000000001a90f000 	/System/Library/Frameworks/LDAP.framework/Versions/A/LDAP
0x000000001a90f000 	/usr/lib/libsasl2.2.dylib
0x000000001a90f000 	/System/Library/PrivateFrameworks/CoreDaemon.framework/Versions/B/CoreDaemon
0x000000001a90f000 	/System/Library/PrivateFrameworks/AppleSRP.framework/Versions/A/AppleSRP
0x000000001a90f000 	/System/Library/PrivateFrameworks/APFS.framework/Versions/A/APFS
0x0000000125f99000 	/Library/Java/JavaVirtualMachines/jdk1.8.0_77.jdk/Contents/Home/jre/lib/libfontmanager.dylib
0x000000001a90f000 	/System/Library/PrivateFrameworks/ViewBridge.framework/Versions/A/ViewBridge
0x000000001a90f000 	/System/Library/PrivateFrameworks/XPCService.framework/Versions/A/XPCService
0x000000001a90f000 	/System/Library/PrivateFrameworks/AppSandbox.framework/Versions/A/AppSandbox
0x000000001a90f000 	/usr/lib/libsandbox.1.dylib
0x000000001a90f000 	/usr/lib/libMatch.1.dylib
0x00000001273ab000 	/Library/Java/JavaVirtualMachines/jdk1.8.0_77.jdk/Contents/Home/jre/lib/libosxui.dylib
0x0000000141e4f000 	/Library/Java/JavaVirtualMachines/jdk1.8.0_77.jdk/Contents/Home/jre/lib/libnet.dylib
0x0000000141e66000 	/Library/Java/JavaVirtualMachines/jdk1.8.0_77.jdk/Contents/Home/jre/lib/libnio.dylib

VM Arguments:
jvm_args: -Dfile.encoding=UTF-8 
java_command: hexagonalpets.Main
java_class_path (initial): /Users/renyi1/NetBeansProjects/HexagonalPETs/build/classes
Launcher Type: SUN_STANDARD

Environment Variables:
PATH=/usr/bin:/bin:/usr/sbin:/sbin
LD_LIBRARY_PATH=/Library/Java/JavaVirtualMachines/jdk1.8.0_77.jdk/Contents/Home/jre/lib/amd64:/Library/Java/JavaVirtualMachines/jdk1.8.0_77.jdk/Contents/Home/jre/lib/i386:
SHELL=/bin/bash

Signal Handlers:
SIGSEGV: [libjvm.dylib+0x5a6855], sa_mask[0]=11111111011111110111111111111111, sa_flags=SA_ONSTACK|SA_RESTART|SA_SIGINFO
SIGBUS: [libjvm.dylib+0x5a6855], sa_mask[0]=11111111011111110111111111111111, sa_flags=SA_RESTART|SA_SIGINFO
SIGFPE: [libjvm.dylib+0x4804ec], sa_mask[0]=11111111011111110111111111111111, sa_flags=SA_RESTART|SA_SIGINFO
SIGPIPE: [libjvm.dylib+0x4804ec], sa_mask[0]=11111111011111110111111111111111, sa_flags=SA_RESTART|SA_SIGINFO
SIGXFSZ: [libjvm.dylib+0x4804ec], sa_mask[0]=11111111011111110111111111111111, sa_flags=SA_RESTART|SA_SIGINFO
SIGILL: [libjvm.dylib+0x4804ec], sa_mask[0]=11111111011111110111111111111111, sa_flags=SA_RESTART|SA_SIGINFO
SIGUSR1: SIG_DFL, sa_mask[0]=00000000000000000000000000000000, sa_flags=none
SIGUSR2: [libjvm.dylib+0x48000a], sa_mask[0]=00100000000000000000000000000000, sa_flags=SA_RESTART|SA_SIGINFO
SIGHUP: [libjvm.dylib+0x47e5e1], sa_mask[0]=11111111011111110111111111111111, sa_flags=SA_RESTART|SA_SIGINFO
SIGINT: SIG_IGN, sa_mask[0]=00000000000000000000000000000000, sa_flags=none
SIGTERM: [libjvm.dylib+0x47e5e1], sa_mask[0]=11111111011111110111111111111111, sa_flags=SA_RESTART|SA_SIGINFO
SIGQUIT: [libjvm.dylib+0x47e5e1], sa_mask[0]=11111111011111110111111111111111, sa_flags=SA_RESTART|SA_SIGINFO


---------------  S Y S T E M  ---------------

OS:Bsduname:Darwin 16.4.0 Darwin Kernel Version 16.4.0: Thu Dec 22 22:53:21 PST 2016; root:xnu-3789.41.3~3/RELEASE_X86_64 x86_64
rlimit: STACK 8192k, CORE 0k, NPROC 709, NOFILE 10240, AS infinity
load average:1.47 1.49 1.43

CPU:total 4 (2 cores per cpu, 2 threads per core) family 6 model 61 stepping 4, cmov, cx8, fxsr, mmx, sse, sse2, sse3, ssse3, sse4.1, sse4.2, popcnt, avx, avx2, aes, clmul, erms, 3dnowpref, lzcnt, ht, tsc, tscinvbit, bmi1, bmi2, adx

Memory: 4k page, physical 8388608k(1409744k free)

/proc/meminfo:


vm_info: Java HotSpot(TM) 64-Bit Server VM (25.77-b03) for bsd-amd64 JRE (1.8.0_77-b03), built on Mar 20 2016 22:14:03 by "java_re" with gcc 4.2.1 (Based on Apple Inc. build 5658) (LLVM build 2336.11.00)

time: Tue Feb 21 14:24:59 2017
elapsed time: 2088 seconds (0d 0h 34m 48s)

