#
# A fatal error has been detected by the Java Runtime Environment:
#
#  SIGSEGV (0xb) at pc=0x000000010e18ae43, pid=6224, tid=47919
#
# JRE version: Java(TM) SE Runtime Environment (8.0_77-b03) (build 1.8.0_77-b03)
# Java VM: Java HotSpot(TM) 64-Bit Server VM (25.77-b03 mixed mode bsd-amd64 compressed oops)
# Problematic frame:
# C  [libawt_lwawt.dylib+0x1ae43]  OGLSD_SetScratchSurface+0x49
#
# Failed to write core dump. Core dumps have been disabled. To enable core dumping, try "ulimit -c unlimited" before starting Java again
#
# If you would like to submit a bug report, please visit:
#   http://bugreport.java.com/bugreport/crash.jsp
# The crash happened outside the Java Virtual Machine in native code.
# See problematic frame for where to report the bug.
#

---------------  T H R E A D  ---------------

Current thread (0x00007f99081a4000):  JavaThread "Java2D Queue Flusher" daemon [_thread_in_native, id=47919, stack(0x0000700010fa6000,0x00007000110a6000)]

siginfo: si_signo: 11 (SIGSEGV), si_code: 1 (SEGV_MAPERR), si_addr: 0x0000000000000002

Registers:
RAX=0x000000010e1ab3a2, RBX=0x0000000000000002, RCX=0x0000000000000047, RDX=0x000000010e1ab8ec
RSP=0x00007000110a5710, RBP=0x00007000110a5730, RSI=0x00007f990758a570, RDI=0x00007f99081a41f8
R8 =0x00000000000001ea, R9 =0x000000000008c3aa, R10=0x000000010f9847b8, R11=0xffffffff00000000
R12=0x0000000000000000, R13=0x000000010f9fbf44, R14=0x00007f99081a41f8, R15=0x00007f99081a4000
RIP=0x000000010e18ae43, EFLAGS=0x0000000000010202, ERR=0x0000000000000004
  TRAPNO=0x000000000000000e

Top of Stack: (sp=0x00007000110a5710)
0x00007000110a5710:   00007f990758a570 0000000000000000
0x00007000110a5720:   00007f9908899210 00007f99081a4000
0x00007000110a5730:   00007000110a57b0 000000010e1ab3ca
0x00007000110a5740:   000000010cbe44d0 000000010c4d5640
0x00007000110a5750:   0000000000000000 00007000110a57a0
0x00007000110a5760:   00007000110a5780 0000000000000064
0x00007000110a5770:   00007f99081a6008 00007f9908899220
0x00007000110a5780:   00007f99001a4000 00007f99081a41f8
0x00007000110a5790:   000000013fa90220 0000000000000000
0x00007000110a57a0:   00007000110a5878 00007f99081a4000
0x00007000110a57b0:   00007000110a5800 000000010f98482a
0x00007000110a57c0:   0000000740145fb0 000000010616ac48
0x00007000110a57d0:   0000000000000005 00007f99081a4000
0x00007000110a57e0:   0000000740131501 00007f99076be650
0x00007000110a57f0:   00007000110a5800 00007f99081a4000
0x00007000110a5800:   00007000110a59d0 000000010f8bb17c
0x00007000110a5810:   00007000110a5878 00007f99081a4000
0x00007000110a5820:   00007000110a5870 000000010f6ee6e8
0x00007000110a5830:   00000007401315d8 00007000110a5878
0x00007000110a5840:   000000010c6473f0 0000000000000000
0x00007000110a5850:   000000013f9c5950 0000000000000000
0x00007000110a5860:   0000000740145fb0 00007000110a59d0
0x00007000110a5870:   00007000110a59d0 000000010f9fbe3c
0x00007000110a5880:   0000000000000041 000000010c8ed7e8
0x00007000110a5890:   0000000000000000 0000000000000000
0x00007000110a58a0:   0000000000000000 0000700000000000
0x00007000110a58b0:   00000000000000db 0000000000000000
0x00007000110a58c0:   00007000110a5968 00007f99081a4000
0x00007000110a58d0:   00007000110a5940 000000010f541acc
0x00007000110a58e0:   0000000100000001 000000074015e308
0x00007000110a58f0:   00000007401315d8 0000000700000000
0x00007000110a5900:   00007000110a58f0 000000010f9fb0d0 

Instructions: (pc=0x000000010e18ae43)
0x000000010e18ae23:   c0 e9 82 00 00 00 48 8b 5e 10 48 85 db 75 0e bf
0x000000010e18ae33:   01 00 00 00 48 8d 15 fd 75 03 00 eb d6 49 89 fe
0x000000010e18ae43:   4c 8b 3b 30 c0 e8 c5 a2 02 00 49 8b 3f 49 89 c4
0x000000010e18ae53:   48 8b 35 ae f7 05 00 30 c0 e8 e9 a3 02 00 48 85 

Register to memory mapping:

RAX=0x000000010e1ab3a2: Java_sun_java2d_opengl_OGLRenderQueue_flushBuffer+0x612 in /Library/Java/JavaVirtualMachines/jdk1.8.0_77.jdk/Contents/Home/jre/lib/libawt_lwawt.dylib at 0x000000010e170000
RBX=0x0000000000000002 is an unknown value
RCX=0x0000000000000047 is an unknown value
RDX=0x000000010e1ab8ec: Java_sun_java2d_opengl_OGLRenderQueue_flushBuffer+0xb5c in /Library/Java/JavaVirtualMachines/jdk1.8.0_77.jdk/Contents/Home/jre/lib/libawt_lwawt.dylib at 0x000000010e170000
RSP=0x00007000110a5710 is pointing into the stack for thread: 0x00007f99081a4000
RBP=0x00007000110a5730 is pointing into the stack for thread: 0x00007f99081a4000
RSI=0x00007f990758a570 is an unknown value
RDI=0x00007f99081a41f8 is an unknown value
R8 =0x00000000000001ea is an unknown value
R9 =0x000000000008c3aa is an unknown value
R10=0x000000010f9847b8 is at entry_point+56 in (nmethod*)0x000000010f984610
R11=0xffffffff00000000 is an unknown value
R12=0x0000000000000000 is an unknown value
R13=0x000000010f9fbf44 is at entry_point+2756 in (nmethod*)0x000000010f9fb0d0
R14=0x00007f99081a41f8 is an unknown value
R15=0x00007f99081a4000 is a thread


Stack: [0x0000700010fa6000,0x00007000110a6000],  sp=0x00007000110a5710,  free space=1021k
Native frames: (J=compiled Java code, j=interpreted, Vv=VM code, C=native code)
C  [libawt_lwawt.dylib+0x1ae43]  OGLSD_SetScratchSurface+0x49
C  [libawt_lwawt.dylib+0x3b3ca]  Java_sun_java2d_opengl_OGLRenderQueue_flushBuffer+0x63a
J 1328  sun.java2d.opengl.OGLRenderQueue.flushBuffer(JI)V (0 bytes) @ 0x000000010f98482a [0x000000010f984780+0xaa]
J 1034 C1 sun.java2d.opengl.OGLRenderQueue.flushBuffer()V (41 bytes) @ 0x000000010f8bb17c [0x000000010f8baf20+0x25c]
J 1452% C1 sun.java2d.opengl.OGLRenderQueue$QueueFlusher.run()V (234 bytes) @ 0x000000010f9fbe3c [0x000000010f9fb480+0x9bc]
v  ~StubRoutines::call_stub
V  [libjvm.dylib+0x2ea39e]  JavaCalls::call_helper(JavaValue*, methodHandle*, JavaCallArguments*, Thread*)+0x6ae
V  [libjvm.dylib+0x2eab2c]  JavaCalls::call_virtual(JavaValue*, KlassHandle, Symbol*, Symbol*, JavaCallArguments*, Thread*)+0x164
V  [libjvm.dylib+0x2eacd8]  JavaCalls::call_virtual(JavaValue*, Handle, KlassHandle, Symbol*, Symbol*, Thread*)+0x4a
V  [libjvm.dylib+0x345255]  thread_entry(JavaThread*, Thread*)+0x7c
V  [libjvm.dylib+0x560e03]  JavaThread::thread_main_inner()+0x9b
V  [libjvm.dylib+0x5624fe]  JavaThread::run()+0x1c2
V  [libjvm.dylib+0x482eda]  java_start(Thread*)+0xf6
C  [libsystem_pthread.dylib+0x3aab]  _pthread_body+0xb4
C  [libsystem_pthread.dylib+0x39f7]  _pthread_body+0x0
C  [libsystem_pthread.dylib+0x31fd]  thread_start+0xd
C  0x0000000000000000

Java frames: (J=compiled Java code, j=interpreted, Vv=VM code)
J 1328  sun.java2d.opengl.OGLRenderQueue.flushBuffer(JI)V (0 bytes) @ 0x000000010f9847b8 [0x000000010f984780+0x38]
J 1034 C1 sun.java2d.opengl.OGLRenderQueue.flushBuffer()V (41 bytes) @ 0x000000010f8bb17c [0x000000010f8baf20+0x25c]
J 1452% C1 sun.java2d.opengl.OGLRenderQueue$QueueFlusher.run()V (234 bytes) @ 0x000000010f9fbe3c [0x000000010f9fb480+0x9bc]
v  ~StubRoutines::call_stub

---------------  P R O C E S S  ---------------

Java Threads: ( => current thread )
  0x00007f99092ba000 JavaThread "TimerQueue" daemon [_thread_blocked, id=70927, stack(0x0000700011332000,0x0000700011432000)]
  0x00007f9908802000 JavaThread "DestroyJavaVM" [_thread_blocked, id=7171, stack(0x000070000fe6d000,0x000070000ff6d000)]
  0x00007f9909136000 JavaThread "AWT-EventQueue-0" [_thread_in_native, id=57871, stack(0x00007000111ac000,0x00007000112ac000)]
  0x00007f99091fd000 JavaThread "Java2D Disposer" daemon [_thread_blocked, id=57103, stack(0x00007000110a9000,0x00007000111a9000)]
=>0x00007f99081a4000 JavaThread "Java2D Queue Flusher" daemon [_thread_in_native, id=47919, stack(0x0000700010fa6000,0x00007000110a6000)]
  0x00007f9908888000 JavaThread "AWT-Shutdown" [_thread_blocked, id=29471, stack(0x0000700010d1a000,0x0000700010e1a000)]
  0x00007f9909073800 JavaThread "AppKit Thread" daemon [_thread_blocked, id=775, stack(0x00007fff5965e000,0x00007fff59e5e000)]
  0x00007f9908071000 JavaThread "Service Thread" daemon [_thread_blocked, id=18691, stack(0x0000700010a91000,0x0000700010b91000)]
  0x00007f9909013800 JavaThread "C1 CompilerThread2" daemon [_thread_blocked, id=18179, stack(0x000070001098e000,0x0000700010a8e000)]
  0x00007f9909003000 JavaThread "C2 CompilerThread1" daemon [_thread_blocked, id=17667, stack(0x000070001088b000,0x000070001098b000)]
  0x00007f990881b000 JavaThread "C2 CompilerThread0" daemon [_thread_blocked, id=17155, stack(0x0000700010788000,0x0000700010888000)]
  0x00007f9908013800 JavaThread "Signal Dispatcher" daemon [_thread_blocked, id=16643, stack(0x0000700010685000,0x0000700010785000)]
  0x00007f9908008800 JavaThread "Finalizer" daemon [_thread_blocked, id=12547, stack(0x0000700010582000,0x0000700010682000)]
  0x00007f9908006000 JavaThread "Reference Handler" daemon [_thread_blocked, id=12035, stack(0x000070001047f000,0x000070001057f000)]

Other Threads:
  0x00007f9907857800 VMThread [stack: 0x000070001037c000,0x000070001047c000] [id=11523]
  0x00007f990901e800 WatcherThread [stack: 0x0000700010b94000,0x0000700010c94000] [id=19203]

VM state:not at safepoint (normal execution)

VM Mutex/Monitor currently owned by a thread: None

Heap:
 PSYoungGen      total 440832K, used 12990K [0x0000000795580000, 0x00000007b2800000, 0x00000007c0000000)
  eden space 404992K, 3% used [0x0000000795580000,0x000000079622faa0,0x00000007ae100000)
  from space 35840K, 0% used [0x00000007b0500000,0x00000007b0500000,0x00000007b2800000)
  to   space 36352K, 0% used [0x00000007ae100000,0x00000007ae100000,0x00000007b0480000)
 ParOldGen       total 137728K, used 78304K [0x0000000740000000, 0x0000000748680000, 0x0000000795580000)
  object space 137728K, 56% used [0x0000000740000000,0x0000000744c783f8,0x0000000748680000)
 Metaspace       used 11797K, capacity 12014K, committed 12160K, reserved 1060864K
  class space    used 1528K, capacity 1607K, committed 1664K, reserved 1048576K

Card table byte_map: [0x00000001079c9000,0x0000000107dca000] byte_map_base: 0x0000000103fc9000

Marking Bits: (ParMarkBitMap*) 0x0000000106702ea0
 Begin Bits: [0x0000000108075000, 0x000000010a075000)
 End Bits:   [0x000000010a075000, 0x000000010c075000)

Polling page: 0x0000000106df1000

CodeCache: size=245760Kb used=4943Kb max_used=5079Kb free=240816Kb
 bounds [0x000000010f523000, 0x000000010fa33000, 0x000000011e523000]
 total_blobs=1937 nmethods=1422 adapters=428
 compilation: enabled

Compilation events (10 events):
Event: 10744.858 Thread 0x00007f9909013800 1496       3       sun.lwawt.LWComponentPeer::setLayouting (6 bytes)
Event: 10744.858 Thread 0x00007f9909013800 nmethod 1496 0x000000010f645410 code [0x000000010f645560, 0x000000010f6456b0]
Event: 10744.859 Thread 0x00007f990881b000 nmethod 1494 0x000000010f683f50 code [0x000000010f6840c0, 0x000000010f6841e8]
Event: 10744.860 Thread 0x00007f990881b000 1495       4       sun.java2d.pipe.Region::clipBoxToBounds (69 bytes)
Event: 10744.861 Thread 0x00007f990881b000 nmethod 1495 0x000000010f69c810 code [0x000000010f69c960, 0x000000010f69ca38]
Event: 10744.861 Thread 0x00007f9909013800 1497       3       java.lang.ref.ReferenceQueue::reallyPoll (66 bytes)
Event: 10744.862 Thread 0x00007f9909013800 nmethod 1497 0x000000010f6c0ad0 code [0x000000010f6c0c60, 0x000000010f6c10f0]
Event: 10744.863 Thread 0x00007f9909013800 1498  s    3       java.util.Hashtable::remove (133 bytes)
Event: 10744.864 Thread 0x00007f9909013800 nmethod 1498 0x000000010f6d4090 code [0x000000010f6d4240, 0x000000010f6d4a98]
Event: 10744.869 Thread 0x00007f9909003000 nmethod 1491 0x000000010fa25350 code [0x000000010fa25b80, 0x000000010fa2b8a8]

GC Heap History (10 events):
Event: 6.790 GC heap before
{Heap before GC invocations=7 (full 0):
 PSYoungGen      total 135168K, used 135156K [0x0000000795580000, 0x000000079df80000, 0x00000007c0000000)
  eden space 132096K, 100% used [0x0000000795580000,0x000000079d680000,0x000000079d680000)
  from space 3072K, 99% used [0x000000079da80000,0x000000079dd7d1e0,0x000000079dd80000)
  to   space 4096K, 0% used [0x000000079d680000,0x000000079d680000,0x000000079da80000)
 ParOldGen       total 87552K, used 1397K [0x0000000740000000, 0x0000000745580000, 0x0000000795580000)
  object space 87552K, 1% used [0x0000000740000000,0x000000074015d4d0,0x0000000745580000)
 Metaspace       used 11318K, capacity 11514K, committed 11648K, reserved 1058816K
  class space    used 1508K, capacity 1613K, committed 1664K, reserved 1048576K
Event: 6.815 GC heap after
Heap after GC invocations=7 (full 0):
 PSYoungGen      total 136192K, used 4069K [0x0000000795580000, 0x00000007a8580000, 0x00000007c0000000)
  eden space 132096K, 0% used [0x0000000795580000,0x0000000795580000,0x000000079d680000)
  from space 4096K, 99% used [0x000000079d680000,0x000000079da79770,0x000000079da80000)
  to   space 23552K, 0% used [0x00000007a6e80000,0x00000007a6e80000,0x00000007a8580000)
 ParOldGen       total 87552K, used 39884K [0x0000000740000000, 0x0000000745580000, 0x0000000795580000)
  object space 87552K, 45% used [0x0000000740000000,0x00000007426f30b8,0x0000000745580000)
 Metaspace       used 11318K, capacity 11514K, committed 11648K, reserved 1058816K
  class space    used 1508K, capacity 1613K, committed 1664K, reserved 1048576K
}
Event: 6.850 GC heap before
{Heap before GC invocations=8 (full 0):
 PSYoungGen      total 136192K, used 136165K [0x0000000795580000, 0x00000007a8580000, 0x00000007c0000000)
  eden space 132096K, 100% used [0x0000000795580000,0x000000079d680000,0x000000079d680000)
  from space 4096K, 99% used [0x000000079d680000,0x000000079da79770,0x000000079da80000)
  to   space 23552K, 0% used [0x00000007a6e80000,0x00000007a6e80000,0x00000007a8580000)
 ParOldGen       total 87552K, used 39884K [0x0000000740000000, 0x0000000745580000, 0x0000000795580000)
  object space 87552K, 45% used [0x0000000740000000,0x00000007426f30b8,0x0000000745580000)
 Metaspace       used 11365K, capacity 11642K, committed 11904K, reserved 1058816K
  class space    used 1510K, capacity 1613K, committed 1664K, reserved 1048576K
Event: 6.874 GC heap after
Heap after GC invocations=8 (full 0):
 PSYoungGen      total 276480K, used 23538K [0x0000000795580000, 0x00000007a9b80000, 0x00000007c0000000)
  eden space 252928K, 0% used [0x0000000795580000,0x0000000795580000,0x00000007a4c80000)
  from space 23552K, 99% used [0x00000007a6e80000,0x00000007a857c8f0,0x00000007a8580000)
  to   space 34816K, 0% used [0x00000007a4c80000,0x00000007a4c80000,0x00000007a6e80000)
 ParOldGen       total 87552K, used 53804K [0x0000000740000000, 0x0000000745580000, 0x0000000795580000)
  object space 87552K, 61% used [0x0000000740000000,0x000000074348b2a8,0x0000000745580000)
 Metaspace       used 11365K, capacity 11642K, committed 11904K, reserved 1058816K
  class space    used 1510K, capacity 1613K, committed 1664K, reserved 1048576K
}
Event: 39.729 GC heap before
{Heap before GC invocations=9 (full 0):
 PSYoungGen      total 276480K, used 276466K [0x0000000795580000, 0x00000007a9b80000, 0x00000007c0000000)
  eden space 252928K, 100% used [0x0000000795580000,0x00000007a4c80000,0x00000007a4c80000)
  from space 23552K, 99% used [0x00000007a6e80000,0x00000007a857c8f0,0x00000007a8580000)
  to   space 34816K, 0% used [0x00000007a4c80000,0x00000007a4c80000,0x00000007a6e80000)
 ParOldGen       total 87552K, used 53804K [0x0000000740000000, 0x0000000745580000, 0x0000000795580000)
  object space 87552K, 61% used [0x0000000740000000,0x000000074348b2a8,0x0000000745580000)
 Metaspace       used 11672K, capacity 11904K, committed 12160K, reserved 1060864K
  class space    used 1524K, capacity 1614K, committed 1664K, reserved 1048576K
Event: 39.743 GC heap after
Heap after GC invocations=9 (full 0):
 PSYoungGen      total 287744K, used 23661K [0x0000000795580000, 0x00000007b2900000, 0x00000007c0000000)
  eden space 252928K, 0% used [0x0000000795580000,0x0000000795580000,0x00000007a4c80000)
  from space 34816K, 67% used [0x00000007a4c80000,0x00000007a639b490,0x00000007a6e80000)
  to   space 36864K, 0% used [0x00000007b0500000,0x00000007b0500000,0x00000007b2900000)
 ParOldGen       total 87552K, used 55200K [0x0000000740000000, 0x0000000745580000, 0x0000000795580000)
  object space 87552K, 63% used [0x0000000740000000,0x00000007435e8058,0x0000000745580000)
 Metaspace       used 11672K, capacity 11904K, committed 12160K, reserved 1060864K
  class space    used 1524K, capacity 1614K, committed 1664K, reserved 1048576K
}
Event: 10744.681 GC heap before
{Heap before GC invocations=10 (full 0):
 PSYoungGen      total 287744K, used 276589K [0x0000000795580000, 0x00000007b2900000, 0x00000007c0000000)
  eden space 252928K, 100% used [0x0000000795580000,0x00000007a4c80000,0x00000007a4c80000)
  from space 34816K, 67% used [0x00000007a4c80000,0x00000007a639b490,0x00000007a6e80000)
  to   space 36864K, 0% used [0x00000007b0500000,0x00000007b0500000,0x00000007b2900000)
 ParOldGen       total 87552K, used 55200K [0x0000000740000000, 0x0000000745580000, 0x0000000795580000)
  object space 87552K, 63% used [0x0000000740000000,0x00000007435e8058,0x0000000745580000)
 Metaspace       used 11807K, capacity 12032K, committed 12160K, reserved 1060864K
  class space    used 1531K, capacity 1614K, committed 1664K, reserved 1048576K
Event: 10744.714 GC heap after
Heap after GC invocations=10 (full 0):
 PSYoungGen      total 440832K, used 2275K [0x0000000795580000, 0x00000007b2800000, 0x00000007c0000000)
  eden space 404992K, 0% used [0x0000000795580000,0x0000000795580000,0x00000007ae100000)
  from space 35840K, 6% used [0x00000007b0500000,0x00000007b0738cc0,0x00000007b2800000)
  to   space 36352K, 0% used [0x00000007ae100000,0x00000007ae100000,0x00000007b0480000)
 ParOldGen       total 87552K, used 76931K [0x0000000740000000, 0x0000000745580000, 0x0000000795580000)
  object space 87552K, 87% used [0x0000000740000000,0x0000000744b20fa8,0x0000000745580000)
 Metaspace       used 11807K, capacity 12032K, committed 12160K, reserved 1060864K
  class space    used 1531K, capacity 1614K, committed 1664K, reserved 1048576K
}
Event: 10744.714 GC heap before
{Heap before GC invocations=11 (full 1):
 PSYoungGen      total 440832K, used 2275K [0x0000000795580000, 0x00000007b2800000, 0x00000007c0000000)
  eden space 404992K, 0% used [0x0000000795580000,0x0000000795580000,0x00000007ae100000)
  from space 35840K, 6% used [0x00000007b0500000,0x00000007b0738cc0,0x00000007b2800000)
  to   space 36352K, 0% used [0x00000007ae100000,0x00000007ae100000,0x00000007b0480000)
 ParOldGen       total 87552K, used 76931K [0x0000000740000000, 0x0000000745580000, 0x0000000795580000)
  object space 87552K, 87% used [0x0000000740000000,0x0000000744b20fa8,0x0000000745580000)
 Metaspace       used 11807K, capacity 12032K, committed 12160K, reserved 1060864K
  class space    used 1531K, capacity 1614K, committed 1664K, reserved 1048576K
Event: 10744.852 GC heap after
Heap after GC invocations=11 (full 1):
 PSYoungGen      total 440832K, used 0K [0x0000000795580000, 0x00000007b2800000, 0x00000007c0000000)
  eden space 404992K, 0% used [0x0000000795580000,0x0000000795580000,0x00000007ae100000)
  from space 35840K, 0% used [0x00000007b0500000,0x00000007b0500000,0x00000007b2800000)
  to   space 36352K, 0% used [0x00000007ae100000,0x00000007ae100000,0x00000007b0480000)
 ParOldGen       total 137728K, used 78304K [0x0000000740000000, 0x0000000748680000, 0x0000000795580000)
  object space 137728K, 56% used [0x0000000740000000,0x0000000744c783f8,0x0000000748680000)
 Metaspace       used 11796K, capacity 12014K, committed 12160K, reserved 1060864K
  class space    used 1528K, capacity 1607K, committed 1664K, reserved 1048576K
}

Deoptimization events (10 events):
Event: 368.973 Thread 0x00007f9909073800 Uncommon trap: reason=bimorphic action=maybe_recompile pc=0x000000010f98a730 method=sun.lwawt.LWContainerPeer.findPeerAt(II)Lsun/lwawt/LWComponentPeer; @ 86
Event: 368.976 Thread 0x00007f9909073800 Uncommon trap: reason=bimorphic action=maybe_recompile pc=0x000000010f98a730 method=sun.lwawt.LWContainerPeer.findPeerAt(II)Lsun/lwawt/LWComponentPeer; @ 86
Event: 368.977 Thread 0x00007f9909136000 Uncommon trap: reason=bimorphic action=maybe_recompile pc=0x000000010f9a1f60 method=sun.lwawt.LWCursorManager.findComponent(Ljava/awt/Point;)Ljava/awt/Component; @ 11
Event: 368.978 Thread 0x00007f9909136000 Uncommon trap: reason=bimorphic action=maybe_recompile pc=0x000000010f9a1f60 method=sun.lwawt.LWCursorManager.findComponent(Ljava/awt/Point;)Ljava/awt/Component; @ 11
Event: 368.980 Thread 0x00007f9909073800 Uncommon trap: reason=bimorphic action=maybe_recompile pc=0x000000010f98a730 method=sun.lwawt.LWContainerPeer.findPeerAt(II)Lsun/lwawt/LWComponentPeer; @ 86
Event: 428.760 Thread 0x00007f9909136000 Uncommon trap: reason=class_check action=maybe_recompile pc=0x000000010f9a1fe8 method=sun.lwawt.LWCursorManager.findComponent(Ljava/awt/Point;)Ljava/awt/Component; @ 41
Event: 428.761 Thread 0x00007f9909136000 Uncommon trap: reason=class_check action=maybe_recompile pc=0x000000010f9a1fe8 method=sun.lwawt.LWCursorManager.findComponent(Ljava/awt/Point;)Ljava/awt/Component; @ 41
Event: 428.766 Thread 0x00007f9909136000 Uncommon trap: reason=class_check action=maybe_recompile pc=0x000000010f9a1fe8 method=sun.lwawt.LWCursorManager.findComponent(Ljava/awt/Point;)Ljava/awt/Component; @ 41
Event: 429.263 Thread 0x00007f9909136000 Uncommon trap: reason=unstable_if action=reinterpret pc=0x000000010f948efc method=sun.dc.DuctusRenderingEngine.getAATileGenerator(Ljava/awt/Shape;Ljava/awt/geom/AffineTransform;Lsun/java2d/pipe/Region;Ljava/awt/BasicStroke;ZZ[I)Lsun/java2d/pipe/AATileGene
Event: 429.263 Thread 0x00007f9909136000 Uncommon trap: reason=unstable_if action=reinterpret pc=0x000000010f97ad68 method=sun.java2d.pipe.AAShapePipe.renderTiles(Lsun/java2d/SunGraphics2D;Ljava/awt/Shape;Lsun/java2d/pipe/AATileGenerator;[I)V @ 202

Internal exceptions (10 events):
Event: 6.893 Thread 0x00007f9909136000 Exception <a 'java/lang/ArrayIndexOutOfBoundsException': -1> (0x000000079c83db78) thrown at [/Users/java_re/workspace/8-2-build-macosx-x86_64/jdk8u77/6540/hotspot/src/share/vm/interpreter/interpreterRuntime.cpp, line 366]
Event: 6.894 Thread 0x00007f9909136000 Exception <a 'java/lang/ArrayIndexOutOfBoundsException': -1> (0x000000079cad1380) thrown at [/Users/java_re/workspace/8-2-build-macosx-x86_64/jdk8u77/6540/hotspot/src/share/vm/interpreter/interpreterRuntime.cpp, line 366]
Event: 6.894 Thread 0x00007f9909136000 Exception <a 'java/lang/ArrayIndexOutOfBoundsException': -1> (0x000000079cb4a0e0) thrown at [/Users/java_re/workspace/8-2-build-macosx-x86_64/jdk8u77/6540/hotspot/src/share/vm/interpreter/interpreterRuntime.cpp, line 366]
Event: 6.894 Thread 0x00007f9909136000 Exception <a 'java/lang/ArrayIndexOutOfBoundsException': -1> (0x000000079cc5dd70) thrown at [/Users/java_re/workspace/8-2-build-macosx-x86_64/jdk8u77/6540/hotspot/src/share/vm/interpreter/interpreterRuntime.cpp, line 366]
Event: 6.894 Thread 0x00007f9909136000 Exception <a 'java/lang/ArrayIndexOutOfBoundsException': -1> (0x000000079cca2470) thrown at [/Users/java_re/workspace/8-2-build-macosx-x86_64/jdk8u77/6540/hotspot/src/share/vm/interpreter/interpreterRuntime.cpp, line 366]
Event: 6.894 Thread 0x00007f9909136000 Exception <a 'java/lang/ArrayIndexOutOfBoundsException': -1> (0x000000079cd52b60) thrown at [/Users/java_re/workspace/8-2-build-macosx-x86_64/jdk8u77/6540/hotspot/src/share/vm/interpreter/interpreterRuntime.cpp, line 366]
Event: 6.894 Thread 0x00007f9909136000 Exception <a 'java/lang/ArrayIndexOutOfBoundsException': -1> (0x000000079cea8390) thrown at [/Users/java_re/workspace/8-2-build-macosx-x86_64/jdk8u77/6540/hotspot/src/share/vm/interpreter/interpreterRuntime.cpp, line 366]
Event: 6.895 Thread 0x00007f9909136000 Exception <a 'java/lang/ArrayIndexOutOfBoundsException': -1> (0x000000079cf55180) thrown at [/Users/java_re/workspace/8-2-build-macosx-x86_64/jdk8u77/6540/hotspot/src/share/vm/interpreter/interpreterRuntime.cpp, line 366]
Event: 39.743 Thread 0x00007f9908008800 Exception <a 'java/lang/NullPointerException'> (0x000000079595e6f8) thrown at [/Users/java_re/workspace/8-2-build-macosx-x86_64/jdk8u77/6540/hotspot/src/share/vm/interpreter/linkResolver.cpp, line 1178]
Event: 10744.853 Thread 0x00007f9908008800 Exception <a 'java/lang/NullPointerException'> (0x0000000795c19ea0) thrown at [/Users/java_re/workspace/8-2-build-macosx-x86_64/jdk8u77/6540/hotspot/src/share/vm/interpreter/linkResolver.cpp, line 1178]

Events (10 events):
Event: 10744.863 Executing VM operation: RevokeBias
Event: 10744.863 Executing VM operation: RevokeBias done
Event: 10744.863 loading class sun/font/StrikeCache$2
Event: 10744.863 loading class sun/font/StrikeCache$2 done
Event: 10744.865 Thread 0x00007f9909013800 flushing nmethod 0x000000010f753110
Event: 10744.865 Thread 0x00007f9909013800 flushing nmethod 0x000000010f759810
Event: 10744.865 Thread 0x00007f9909013800 flushing nmethod 0x000000010f766f50
Event: 10744.865 Thread 0x00007f9909013800 flushing nmethod 0x000000010f76f450
Event: 10744.870 Thread 0x00007f9909003000 flushing nmethod 0x000000010f799e50
Event: 10744.870 Thread 0x00007f9909003000 flushing nmethod 0x000000010f7a09d0


Dynamic libraries:
0x000000000000a000 	/System/Library/Frameworks/Cocoa.framework/Versions/A/Cocoa
0x000000000000a000 	/System/Library/Frameworks/Security.framework/Versions/A/Security
0x000000000000a000 	/System/Library/Frameworks/ApplicationServices.framework/Versions/A/ApplicationServices
0x000000000000a000 	/usr/lib/libz.1.dylib
0x000000000000a000 	/usr/lib/libSystem.B.dylib
0x000000000000a000 	/usr/lib/libobjc.A.dylib
0x000000000000a000 	/System/Library/Frameworks/CoreFoundation.framework/Versions/A/CoreFoundation
0x000000000000a000 	/System/Library/Frameworks/Foundation.framework/Versions/C/Foundation
0x000000000000a000 	/System/Library/Frameworks/AppKit.framework/Versions/C/AppKit
0x000000000000a000 	/System/Library/Frameworks/CoreData.framework/Versions/A/CoreData
0x000000000000a000 	/System/Library/PrivateFrameworks/RemoteViewServices.framework/Versions/A/RemoteViewServices
0x000000000000a000 	/System/Library/PrivateFrameworks/UIFoundation.framework/Versions/A/UIFoundation
0x000000000000a000 	/System/Library/PrivateFrameworks/DFRFoundation.framework/Versions/A/DFRFoundation
0x000000000000a000 	/usr/lib/libenergytrace.dylib
0x000000000000a000 	/System/Library/PrivateFrameworks/SkyLight.framework/Versions/A/SkyLight
0x000000000000a000 	/System/Library/Frameworks/CoreGraphics.framework/Versions/A/CoreGraphics
0x000000000000a000 	/usr/lib/libScreenReader.dylib
0x000000000000a000 	/System/Library/Frameworks/Accelerate.framework/Versions/A/Accelerate
0x000000000000a000 	/System/Library/Frameworks/IOSurface.framework/Versions/A/IOSurface
0x000000000000a000 	/System/Library/Frameworks/AudioToolbox.framework/Versions/A/AudioToolbox
0x000000000000a000 	/System/Library/Frameworks/AudioUnit.framework/Versions/A/AudioUnit
0x000000000000a000 	/System/Library/PrivateFrameworks/DataDetectorsCore.framework/Versions/A/DataDetectorsCore
0x000000000000a000 	/System/Library/PrivateFrameworks/DesktopServicesPriv.framework/Versions/A/DesktopServicesPriv
0x000000000000a000 	/System/Library/Frameworks/Carbon.framework/Versions/A/Frameworks/HIToolbox.framework/Versions/A/HIToolbox
0x000000000000a000 	/usr/lib/libicucore.A.dylib
0x000000000000a000 	/System/Library/Frameworks/QuartzCore.framework/Versions/A/QuartzCore
0x000000000000a000 	/System/Library/Frameworks/Carbon.framework/Versions/A/Frameworks/SpeechRecognition.framework/Versions/A/SpeechRecognition
0x000000000000a000 	/usr/lib/libauto.dylib
0x000000000000a000 	/usr/lib/libxml2.2.dylib
0x000000000000a000 	/System/Library/PrivateFrameworks/CoreUI.framework/Versions/A/CoreUI
0x000000000000a000 	/System/Library/Frameworks/CoreAudio.framework/Versions/A/CoreAudio
0x000000000000a000 	/System/Library/Frameworks/DiskArbitration.framework/Versions/A/DiskArbitration
0x000000000000a000 	/usr/lib/liblangid.dylib
0x000000000000a000 	/System/Library/PrivateFrameworks/MultitouchSupport.framework/Versions/A/MultitouchSupport
0x000000000000a000 	/System/Library/Frameworks/IOKit.framework/Versions/A/IOKit
0x000000000000a000 	/usr/lib/libDiagnosticMessagesClient.dylib
0x000000000000a000 	/System/Library/Frameworks/CoreServices.framework/Versions/A/CoreServices
0x000000000000a000 	/System/Library/PrivateFrameworks/PerformanceAnalysis.framework/Versions/A/PerformanceAnalysis
0x000000000000a000 	/System/Library/PrivateFrameworks/GenerationalStorage.framework/Versions/A/GenerationalStorage
0x000000000000a000 	/System/Library/Frameworks/OpenGL.framework/Versions/A/OpenGL
0x000000000000a000 	/System/Library/Frameworks/CoreImage.framework/Versions/A/CoreImage
0x000000000000a000 	/System/Library/Frameworks/CoreText.framework/Versions/A/CoreText
0x000000000000a000 	/System/Library/Frameworks/ImageIO.framework/Versions/A/ImageIO
0x000000000000a000 	/System/Library/PrivateFrameworks/Backup.framework/Versions/A/Backup
0x000000000000a000 	/usr/lib/libarchive.2.dylib
0x000000000000a000 	/System/Library/Frameworks/CFNetwork.framework/Versions/A/CFNetwork
0x000000000000a000 	/System/Library/Frameworks/SystemConfiguration.framework/Versions/A/SystemConfiguration
0x000000000000a000 	/usr/lib/libCRFSuite.dylib
0x000000000000a000 	/usr/lib/libc++.1.dylib
0x000000000000a000 	/usr/lib/libc++abi.dylib
0x000000000000a000 	/usr/lib/system/libcache.dylib
0x000000000000a000 	/usr/lib/system/libcommonCrypto.dylib
0x000000000000a000 	/usr/lib/system/libcompiler_rt.dylib
0x000000000000a000 	/usr/lib/system/libcopyfile.dylib
0x000000000000a000 	/usr/lib/system/libcorecrypto.dylib
0x000000000000a000 	/usr/lib/system/libdispatch.dylib
0x000000000000a000 	/usr/lib/system/libdyld.dylib
0x000000000000a000 	/usr/lib/system/libkeymgr.dylib
0x000000000000a000 	/usr/lib/system/liblaunch.dylib
0x000000000000a000 	/usr/lib/system/libmacho.dylib
0x000000000000a000 	/usr/lib/system/libquarantine.dylib
0x000000000000a000 	/usr/lib/system/libremovefile.dylib
0x000000000000a000 	/usr/lib/system/libsystem_asl.dylib
0x000000000000a000 	/usr/lib/system/libsystem_blocks.dylib
0x000000000000a000 	/usr/lib/system/libsystem_c.dylib
0x000000000000a000 	/usr/lib/system/libsystem_configuration.dylib
0x000000000000a000 	/usr/lib/system/libsystem_coreservices.dylib
0x000000000000a000 	/usr/lib/system/libsystem_coretls.dylib
0x000000000000a000 	/usr/lib/system/libsystem_dnssd.dylib
0x000000000000a000 	/usr/lib/system/libsystem_info.dylib
0x000000000000a000 	/usr/lib/system/libsystem_kernel.dylib
0x000000000000a000 	/usr/lib/system/libsystem_m.dylib
0x000000000000a000 	/usr/lib/system/libsystem_malloc.dylib
0x000000000000a000 	/usr/lib/system/libsystem_network.dylib
0x000000000000a000 	/usr/lib/system/libsystem_networkextension.dylib
0x000000000000a000 	/usr/lib/system/libsystem_notify.dylib
0x000000000000a000 	/usr/lib/system/libsystem_platform.dylib
0x000000000000a000 	/usr/lib/system/libsystem_pthread.dylib
0x000000000000a000 	/usr/lib/system/libsystem_sandbox.dylib
0x000000000000a000 	/usr/lib/system/libsystem_secinit.dylib
0x000000000000a000 	/usr/lib/system/libsystem_symptoms.dylib
0x000000000000a000 	/usr/lib/system/libsystem_trace.dylib
0x000000000000a000 	/usr/lib/system/libunwind.dylib
0x000000000000a000 	/usr/lib/system/libxpc.dylib
0x000000000000a000 	/usr/lib/libbsm.0.dylib
0x000000000000a000 	/usr/lib/system/libkxld.dylib
0x000000000000a000 	/usr/lib/libcoretls.dylib
0x000000000000a000 	/usr/lib/libcoretls_cfhelpers.dylib
0x000000000000a000 	/usr/lib/libxar.1.dylib
0x000000000000a000 	/usr/lib/libsqlite3.dylib
0x000000000000a000 	/usr/lib/libpam.2.dylib
0x000000000000a000 	/usr/lib/libOpenScriptingUtil.dylib
0x000000000000a000 	/usr/lib/libbz2.1.0.dylib
0x000000000000a000 	/usr/lib/liblzma.5.dylib
0x000000000000a000 	/usr/lib/libnetwork.dylib
0x000000000000a000 	/usr/lib/libpcap.A.dylib
0x000000000000a000 	/System/Library/Frameworks/CoreServices.framework/Versions/A/Frameworks/FSEvents.framework/Versions/A/FSEvents
0x000000000000a000 	/System/Library/Frameworks/CoreServices.framework/Versions/A/Frameworks/CarbonCore.framework/Versions/A/CarbonCore
0x000000000000a000 	/System/Library/Frameworks/CoreServices.framework/Versions/A/Frameworks/Metadata.framework/Versions/A/Metadata
0x000000000000a000 	/System/Library/Frameworks/CoreServices.framework/Versions/A/Frameworks/OSServices.framework/Versions/A/OSServices
0x000000000000a000 	/System/Library/Frameworks/CoreServices.framework/Versions/A/Frameworks/SearchKit.framework/Versions/A/SearchKit
0x000000000000a000 	/System/Library/Frameworks/CoreServices.framework/Versions/A/Frameworks/AE.framework/Versions/A/AE
0x000000000000a000 	/System/Library/Frameworks/CoreServices.framework/Versions/A/Frameworks/LaunchServices.framework/Versions/A/LaunchServices
0x000000000000a000 	/System/Library/Frameworks/CoreServices.framework/Versions/A/Frameworks/DictionaryServices.framework/Versions/A/DictionaryServices
0x000000000000a000 	/System/Library/Frameworks/CoreServices.framework/Versions/A/Frameworks/SharedFileList.framework/Versions/A/SharedFileList
0x000000000000a000 	/System/Library/Frameworks/NetFS.framework/Versions/A/NetFS
0x000000000000a000 	/System/Library/PrivateFrameworks/NetAuth.framework/Versions/A/NetAuth
0x000000000000a000 	/System/Library/PrivateFrameworks/login.framework/Versions/A/Frameworks/loginsupport.framework/Versions/A/loginsupport
0x000000000000a000 	/System/Library/PrivateFrameworks/TCC.framework/Versions/A/TCC
0x000000000000a000 	/usr/lib/libmecabra.dylib
0x000000000000a000 	/System/Library/Frameworks/ApplicationServices.framework/Versions/A/Frameworks/ATS.framework/Versions/A/ATS
0x000000000000a000 	/System/Library/Frameworks/ApplicationServices.framework/Versions/A/Frameworks/ColorSync.framework/Versions/A/ColorSync
0x000000000000a000 	/System/Library/Frameworks/ApplicationServices.framework/Versions/A/Frameworks/HIServices.framework/Versions/A/HIServices
0x000000000000a000 	/System/Library/Frameworks/ApplicationServices.framework/Versions/A/Frameworks/LangAnalysis.framework/Versions/A/LangAnalysis
0x000000000000a000 	/System/Library/Frameworks/ApplicationServices.framework/Versions/A/Frameworks/PrintCore.framework/Versions/A/PrintCore
0x000000000000a000 	/System/Library/Frameworks/ApplicationServices.framework/Versions/A/Frameworks/QD.framework/Versions/A/QD
0x000000000000a000 	/System/Library/Frameworks/ApplicationServices.framework/Versions/A/Frameworks/SpeechSynthesis.framework/Versions/A/SpeechSynthesis
0x000000000000a000 	/System/Library/Frameworks/Accelerate.framework/Versions/A/Frameworks/vImage.framework/Versions/A/vImage
0x000000000000a000 	/System/Library/Frameworks/Accelerate.framework/Versions/A/Frameworks/vecLib.framework/Versions/A/vecLib
0x000000000000a000 	/System/Library/Frameworks/Accelerate.framework/Versions/A/Frameworks/vecLib.framework/Versions/A/libvDSP.dylib
0x000000000000a000 	/System/Library/Frameworks/Accelerate.framework/Versions/A/Frameworks/vecLib.framework/Versions/A/libBNNS.dylib
0x000000000000a000 	/System/Library/Frameworks/Accelerate.framework/Versions/A/Frameworks/vecLib.framework/Versions/A/libQuadrature.dylib
0x000000000000a000 	/System/Library/Frameworks/Accelerate.framework/Versions/A/Frameworks/vecLib.framework/Versions/A/libvMisc.dylib
0x000000000000a000 	/System/Library/Frameworks/Accelerate.framework/Versions/A/Frameworks/vecLib.framework/Versions/A/libLAPACK.dylib
0x000000000000a000 	/System/Library/Frameworks/Accelerate.framework/Versions/A/Frameworks/vecLib.framework/Versions/A/libBLAS.dylib
0x000000000000a000 	/System/Library/Frameworks/Accelerate.framework/Versions/A/Frameworks/vecLib.framework/Versions/A/libLinearAlgebra.dylib
0x000000000000a000 	/System/Library/Frameworks/Accelerate.framework/Versions/A/Frameworks/vecLib.framework/Versions/A/libSparseBLAS.dylib
0x000000000000a000 	/System/Library/Frameworks/ApplicationServices.framework/Versions/A/Frameworks/ATS.framework/Versions/A/Resources/libFontParser.dylib
0x000000000000a000 	/System/Library/Frameworks/ApplicationServices.framework/Versions/A/Frameworks/ATS.framework/Versions/A/Resources/libFontRegistry.dylib
0x000000000000a000 	/System/Library/Frameworks/ImageIO.framework/Versions/A/Resources/libJPEG.dylib
0x000000000000a000 	/System/Library/Frameworks/ImageIO.framework/Versions/A/Resources/libTIFF.dylib
0x000000000000a000 	/System/Library/Frameworks/ImageIO.framework/Versions/A/Resources/libPng.dylib
0x000000000000a000 	/System/Library/Frameworks/ImageIO.framework/Versions/A/Resources/libGIF.dylib
0x000000000000a000 	/System/Library/Frameworks/ImageIO.framework/Versions/A/Resources/libJP2.dylib
0x000000000000a000 	/System/Library/Frameworks/ImageIO.framework/Versions/A/Resources/libRadiance.dylib
0x000000000000a000 	/usr/lib/libcompression.dylib
0x000000000000a000 	/System/Library/PrivateFrameworks/AppleJPEG.framework/Versions/A/AppleJPEG
0x000000000000a000 	/usr/lib/libcups.2.dylib
0x000000000000a000 	/System/Library/Frameworks/Kerberos.framework/Versions/A/Kerberos
0x000000000000a000 	/System/Library/Frameworks/GSS.framework/Versions/A/GSS
0x000000000000a000 	/usr/lib/libresolv.9.dylib
0x000000000000a000 	/usr/lib/libiconv.2.dylib
0x000000000000a000 	/System/Library/PrivateFrameworks/Heimdal.framework/Versions/A/Heimdal
0x000000000000a000 	/usr/lib/libheimdal-asn1.dylib
0x000000000000a000 	/System/Library/Frameworks/OpenDirectory.framework/Versions/A/OpenDirectory
0x000000000000a000 	/System/Library/PrivateFrameworks/CommonAuth.framework/Versions/A/CommonAuth
0x000000000000a000 	/System/Library/Frameworks/OpenDirectory.framework/Versions/A/Frameworks/CFOpenDirectory.framework/Versions/A/CFOpenDirectory
0x000000000000a000 	/System/Library/Frameworks/SecurityFoundation.framework/Versions/A/SecurityFoundation
0x000000000000a000 	/System/Library/PrivateFrameworks/LanguageModeling.framework/Versions/A/LanguageModeling
0x000000000000a000 	/usr/lib/libmarisa.dylib
0x000000000000a000 	/usr/lib/libChineseTokenizer.dylib
0x000000000000a000 	/usr/lib/libcmph.dylib
0x000000000000a000 	/System/Library/PrivateFrameworks/CoreEmoji.framework/Versions/A/CoreEmoji
0x000000000000a000 	/System/Library/Frameworks/ServiceManagement.framework/Versions/A/ServiceManagement
0x000000000000a000 	/usr/lib/libxslt.1.dylib
0x000000000000a000 	/System/Library/Frameworks/Carbon.framework/Versions/A/Frameworks/Ink.framework/Versions/A/Ink
0x000000000000a000 	/System/Library/PrivateFrameworks/TextureIO.framework/Versions/A/TextureIO
0x000000000000a000 	/System/Library/Frameworks/Metal.framework/Versions/A/Metal
0x000000000000a000 	/usr/lib/libate.dylib
0x000000000000a000 	/System/Library/PrivateFrameworks/GPUCompiler.framework/libmetal_timestamp.dylib
0x000000000000a000 	/System/Library/Frameworks/OpenGL.framework/Versions/A/Libraries/libCoreFSCache.dylib
0x000000000000a000 	/System/Library/PrivateFrameworks/IOAccelerator.framework/Versions/A/IOAccelerator
0x000000000000a000 	/System/Library/Frameworks/CoreVideo.framework/Versions/A/CoreVideo
0x000000000000a000 	/usr/lib/libFosl_dynamic.dylib
0x000000000000a000 	/System/Library/PrivateFrameworks/MetalPerformanceShaders.framework/Versions/A/MetalPerformanceShaders
0x000000000000a000 	/System/Library/PrivateFrameworks/FaceCore.framework/Versions/A/FaceCore
0x000000000000a000 	/System/Library/Frameworks/OpenCL.framework/Versions/A/OpenCL
0x000000000000a000 	/System/Library/Frameworks/OpenGL.framework/Versions/A/Libraries/libGLU.dylib
0x000000000000a000 	/System/Library/Frameworks/OpenGL.framework/Versions/A/Libraries/libGFXShared.dylib
0x000000000000a000 	/System/Library/Frameworks/OpenGL.framework/Versions/A/Libraries/libGL.dylib
0x000000000000a000 	/System/Library/Frameworks/OpenGL.framework/Versions/A/Libraries/libGLImage.dylib
0x000000000000a000 	/System/Library/Frameworks/OpenGL.framework/Versions/A/Libraries/libCVMSPluginSupport.dylib
0x000000000000a000 	/System/Library/Frameworks/OpenGL.framework/Versions/A/Libraries/libCoreVMClient.dylib
0x000000000000a000 	/System/Library/PrivateFrameworks/CrashReporterSupport.framework/Versions/A/CrashReporterSupport
0x000000000000a000 	/System/Library/PrivateFrameworks/Sharing.framework/Versions/A/Sharing
0x000000000000a000 	/System/Library/PrivateFrameworks/IconServices.framework/Versions/A/IconServices
0x000000000000a000 	/System/Library/PrivateFrameworks/ProtocolBuffer.framework/Versions/A/ProtocolBuffer
0x000000000000a000 	/System/Library/PrivateFrameworks/Apple80211.framework/Versions/A/Apple80211
0x000000000000a000 	/System/Library/Frameworks/CoreWLAN.framework/Versions/A/CoreWLAN
0x000000000000a000 	/System/Library/PrivateFrameworks/CoreUtils.framework/Versions/A/CoreUtils
0x000000000000a000 	/System/Library/Frameworks/IOBluetooth.framework/Versions/A/IOBluetooth
0x000000000000a000 	/System/Library/PrivateFrameworks/CoreWiFi.framework/Versions/A/CoreWiFi
0x000000000000a000 	/System/Library/Frameworks/CoreBluetooth.framework/Versions/A/CoreBluetooth
0x000000000000a000 	/System/Library/Frameworks/CoreDisplay.framework/Versions/A/CoreDisplay
0x000000000000a000 	/System/Library/PrivateFrameworks/IOPresentment.framework/Versions/A/IOPresentment
0x000000000000a000 	/System/Library/PrivateFrameworks/DebugSymbols.framework/Versions/A/DebugSymbols
0x000000000000a000 	/System/Library/PrivateFrameworks/CoreSymbolication.framework/Versions/A/CoreSymbolication
0x000000000000a000 	/System/Library/PrivateFrameworks/Symbolication.framework/Versions/A/Symbolication
0x000000000000a000 	/System/Library/PrivateFrameworks/AppleFSCompression.framework/Versions/A/AppleFSCompression
0x000000000000a000 	/System/Library/PrivateFrameworks/SpeechRecognitionCore.framework/Versions/A/SpeechRecognitionCore
0x000000000000a000 	/System/Library/PrivateFrameworks/ChunkingLibrary.framework/Versions/A/ChunkingLibrary
0x0000000105e1f000 	/Library/Java/JavaVirtualMachines/jdk1.8.0_77.jdk/Contents/Home/jre/lib/server/libjvm.dylib
0x000000000000a000 	/usr/lib/libstdc++.6.dylib
0x0000000106dae000 	/Library/Java/JavaVirtualMachines/jdk1.8.0_77.jdk/Contents/Home/jre/lib/libverify.dylib
0x0000000106dbc000 	/Library/Java/JavaVirtualMachines/jdk1.8.0_77.jdk/Contents/Home/jre/lib/libjava.dylib
0x0000000107600000 	/Library/Java/JavaVirtualMachines/jdk1.8.0_77.jdk/Contents/Home/jre/lib/libzip.dylib
0x000000010df6b000 	/System/Library/Frameworks/JavaVM.framework/Frameworks/JavaRuntimeSupport.framework/JavaRuntimeSupport
0x000000010df85000 	/System/Library/Frameworks/JavaVM.framework/Versions/A/Frameworks/JavaNativeFoundation.framework/Versions/A/JavaNativeFoundation
0x000000010df9a000 	/System/Library/Frameworks/JavaVM.framework/Versions/A/JavaVM
0x000000000000a000 	/System/Library/Frameworks/Carbon.framework/Versions/A/Carbon
0x000000010dfa7000 	/System/Library/PrivateFrameworks/JavaLaunching.framework/Versions/A/JavaLaunching
0x000000000000a000 	/System/Library/Frameworks/Carbon.framework/Versions/A/Frameworks/CommonPanels.framework/Versions/A/CommonPanels
0x000000000000a000 	/System/Library/Frameworks/Carbon.framework/Versions/A/Frameworks/Help.framework/Versions/A/Help
0x000000000000a000 	/System/Library/Frameworks/Carbon.framework/Versions/A/Frameworks/ImageCapture.framework/Versions/A/ImageCapture
0x000000000000a000 	/System/Library/Frameworks/Carbon.framework/Versions/A/Frameworks/OpenScripting.framework/Versions/A/OpenScripting
0x000000000000a000 	/System/Library/Frameworks/Carbon.framework/Versions/A/Frameworks/Print.framework/Versions/A/Print
0x000000000000a000 	/System/Library/Frameworks/Carbon.framework/Versions/A/Frameworks/SecurityHI.framework/Versions/A/SecurityHI
0x000000010dffc000 	/Library/Java/JavaVirtualMachines/jdk1.8.0_77.jdk/Contents/Home/jre/lib/libawt.dylib
0x000000010e0a4000 	/Library/Java/JavaVirtualMachines/jdk1.8.0_77.jdk/Contents/Home/jre/lib/./libmlib_image.dylib
0x000000010e170000 	/Library/Java/JavaVirtualMachines/jdk1.8.0_77.jdk/Contents/Home/jre/lib/libawt_lwawt.dylib
0x000000010e225000 	/Library/Java/JavaVirtualMachines/jdk1.8.0_77.jdk/Contents/Home/jre/lib/./libosxapp.dylib
0x000000000000a000 	/System/Library/Frameworks/ExceptionHandling.framework/Versions/A/ExceptionHandling
0x000000000000a000 	/System/Library/PrivateFrameworks/CoreServicesInternal.framework/Versions/A/CoreServicesInternal
0x000000000000a000 	/System/Library/CoreServices/RawCamera.bundle/Contents/MacOS/RawCamera
0x000000000000a000 	/System/Library/Frameworks/Accelerate.framework/Versions/A/Frameworks/vImage.framework/Versions/A/Libraries/libCGInterfaces.dylib
0x000000000000a000 	/System/Library/Frameworks/ApplicationServices.framework/Versions/A/Frameworks/ATS.framework/Versions/A/Resources/libTrueTypeScaler.dylib
0x000000000000a000 	/System/Library/Frameworks/OpenGL.framework/Versions/A/Resources/GLEngine.bundle/GLEngine
0x000000000000a000 	/System/Library/Frameworks/OpenGL.framework/Versions/A/Libraries/libGLProgrammability.dylib
0x00000001209ef000 	/System/Library/Extensions/AppleIntelBDWGraphicsGLDriver.bundle/Contents/MacOS/AppleIntelBDWGraphicsGLDriver
0x000000000000a000 	/System/Library/PrivateFrameworks/GPUSupport.framework/Versions/A/Libraries/libGPUSupportMercury.dylib
0x000000000000a000 	/System/Library/Frameworks/OpenGL.framework/Versions/A/Resources/GLRendererFloat.bundle/GLRendererFloat
0x000000000000a000 	/System/Library/Frameworks/OpenCL.framework/Versions/A/Libraries/libcldcpuengine.dylib
0x000000000000a000 	/usr/lib/libcrypto.0.9.8.dylib
0x000000000000a000 	/System/Library/PrivateFrameworks/TrustEvaluationAgent.framework/Versions/A/TrustEvaluationAgent
0x000000012114b000 	/System/Library/Extensions/AppleIntelBDWGraphicsMTLDriver.bundle/Contents/MacOS/AppleIntelBDWGraphicsMTLDriver
0x000000000000a000 	/System/Library/PrivateFrameworks/FamilyControls.framework/Versions/A/FamilyControls
0x000000000000a000 	/System/Library/PrivateFrameworks/CommerceKit.framework/Versions/A/Frameworks/CommerceCore.framework/Versions/A/CommerceCore
0x000000000000a000 	/System/Library/PrivateFrameworks/SystemAdministration.framework/Versions/A/SystemAdministration
0x000000000000a000 	/System/Library/PrivateFrameworks/AppContainer.framework/Versions/A/AppContainer
0x000000000000a000 	/System/Library/PrivateFrameworks/SecCodeWrapper.framework/Versions/A/SecCodeWrapper
0x000000000000a000 	/System/Library/Frameworks/DirectoryService.framework/Versions/A/DirectoryService
0x000000000000a000 	/System/Library/PrivateFrameworks/DiskImages.framework/Versions/A/DiskImages
0x000000000000a000 	/System/Library/PrivateFrameworks/LoginUIKit.framework/Versions/A/Frameworks/LoginUICore.framework/Versions/A/LoginUICore
0x000000000000a000 	/usr/lib/libCoreStorage.dylib
0x000000000000a000 	/usr/lib/libcsfde.dylib
0x000000000000a000 	/usr/lib/libodfde.dylib
0x000000000000a000 	/System/Library/Frameworks/DiscRecording.framework/Versions/A/DiscRecording
0x000000000000a000 	/usr/lib/libcurl.4.dylib
0x000000000000a000 	/System/Library/PrivateFrameworks/MediaKit.framework/Versions/A/MediaKit
0x000000000000a000 	/System/Library/PrivateFrameworks/ProtectedCloudStorage.framework/Versions/A/ProtectedCloudStorage
0x000000000000a000 	/System/Library/PrivateFrameworks/EFILogin.framework/Versions/A/EFILogin
0x000000000000a000 	/usr/lib/libutil.dylib
0x000000000000a000 	/System/Library/Frameworks/LDAP.framework/Versions/A/LDAP
0x000000000000a000 	/usr/lib/libsasl2.2.dylib
0x000000000000a000 	/System/Library/PrivateFrameworks/CoreDaemon.framework/Versions/B/CoreDaemon
0x000000000000a000 	/System/Library/PrivateFrameworks/AppleSRP.framework/Versions/A/AppleSRP
0x000000000000a000 	/System/Library/PrivateFrameworks/APFS.framework/Versions/A/APFS
0x0000000123303000 	/Library/Java/JavaVirtualMachines/jdk1.8.0_77.jdk/Contents/Home/jre/lib/libfontmanager.dylib
0x0000000124700000 	/Library/Java/JavaVirtualMachines/jdk1.8.0_77.jdk/Contents/Home/jre/lib/libosxui.dylib
0x000000000000a000 	/System/Library/PrivateFrameworks/ViewBridge.framework/Versions/A/ViewBridge
0x000000000000a000 	/System/Library/PrivateFrameworks/XPCService.framework/Versions/A/XPCService
0x000000000000a000 	/System/Library/PrivateFrameworks/AppSandbox.framework/Versions/A/AppSandbox
0x000000000000a000 	/usr/lib/libsandbox.1.dylib
0x000000000000a000 	/usr/lib/libMatch.1.dylib
0x000000013fb40000 	/Library/Java/JavaVirtualMachines/jdk1.8.0_77.jdk/Contents/Home/jre/lib/libnet.dylib
0x000000013fb57000 	/Library/Java/JavaVirtualMachines/jdk1.8.0_77.jdk/Contents/Home/jre/lib/libnio.dylib
0x00000001241ec000 	/Library/Java/JavaVirtualMachines/jdk1.8.0_77.jdk/Contents/Home/jre/lib/libdcpr.dylib

VM Arguments:
jvm_args: -Dfile.encoding=UTF-8 
java_command: hexagonalpets.Main
java_class_path (initial): /Users/renyi1/NetBeansProjects/HexagonalPETs/build/classes
Launcher Type: SUN_STANDARD

Environment Variables:
PATH=/usr/bin:/bin:/usr/sbin:/sbin
LD_LIBRARY_PATH=/Library/Java/JavaVirtualMachines/jdk1.8.0_77.jdk/Contents/Home/jre/lib/amd64:/Library/Java/JavaVirtualMachines/jdk1.8.0_77.jdk/Contents/Home/jre/lib/i386:
SHELL=/bin/bash

Signal Handlers:
SIGSEGV: [libjvm.dylib+0x5a6855], sa_mask[0]=11111111011111110111111111111111, sa_flags=SA_ONSTACK|SA_RESTART|SA_SIGINFO
SIGBUS: [libjvm.dylib+0x5a6855], sa_mask[0]=11111111011111110111111111111111, sa_flags=SA_RESTART|SA_SIGINFO
SIGFPE: [libjvm.dylib+0x4804ec], sa_mask[0]=11111111011111110111111111111111, sa_flags=SA_RESTART|SA_SIGINFO
SIGPIPE: [libjvm.dylib+0x4804ec], sa_mask[0]=11111111011111110111111111111111, sa_flags=SA_RESTART|SA_SIGINFO
SIGXFSZ: [libjvm.dylib+0x4804ec], sa_mask[0]=11111111011111110111111111111111, sa_flags=SA_RESTART|SA_SIGINFO
SIGILL: [libjvm.dylib+0x4804ec], sa_mask[0]=11111111011111110111111111111111, sa_flags=SA_RESTART|SA_SIGINFO
SIGUSR1: SIG_DFL, sa_mask[0]=00000000000000000000000000000000, sa_flags=none
SIGUSR2: [libjvm.dylib+0x48000a], sa_mask[0]=00100000000000000000000000000000, sa_flags=SA_RESTART|SA_SIGINFO
SIGHUP: [libjvm.dylib+0x47e5e1], sa_mask[0]=11111111011111110111111111111111, sa_flags=SA_RESTART|SA_SIGINFO
SIGINT: SIG_IGN, sa_mask[0]=00000000000000000000000000000000, sa_flags=none
SIGTERM: [libjvm.dylib+0x47e5e1], sa_mask[0]=11111111011111110111111111111111, sa_flags=SA_RESTART|SA_SIGINFO
SIGQUIT: [libjvm.dylib+0x47e5e1], sa_mask[0]=11111111011111110111111111111111, sa_flags=SA_RESTART|SA_SIGINFO


---------------  S Y S T E M  ---------------

OS:Bsduname:Darwin 16.4.0 Darwin Kernel Version 16.4.0: Thu Dec 22 22:53:21 PST 2016; root:xnu-3789.41.3~3/RELEASE_X86_64 x86_64
rlimit: STACK 8192k, CORE 0k, NPROC 709, NOFILE 10240, AS infinity
load average:1.66 1.90 1.86

CPU:total 4 (2 cores per cpu, 2 threads per core) family 6 model 61 stepping 4, cmov, cx8, fxsr, mmx, sse, sse2, sse3, ssse3, sse4.1, sse4.2, popcnt, avx, avx2, aes, clmul, erms, 3dnowpref, lzcnt, ht, tsc, tscinvbit, bmi1, bmi2, adx

Memory: 4k page, physical 8388608k(821876k free)

/proc/meminfo:


vm_info: Java HotSpot(TM) 64-Bit Server VM (25.77-b03) for bsd-amd64 JRE (1.8.0_77-b03), built on Mar 20 2016 22:14:03 by "java_re" with gcc 4.2.1 (Based on Apple Inc. build 5658) (LLVM build 2336.11.00)

time: Sun Mar  5 11:49:36 2017
elapsed time: 10744 seconds (0d 2h 59m 4s)

