#
# A fatal error has been detected by the Java Runtime Environment:
#
#  SIGSEGV (0xb) at pc=0x0000000124898e43, pid=7073, tid=47667
#
# JRE version: Java(TM) SE Runtime Environment (8.0_77-b03) (build 1.8.0_77-b03)
# Java VM: Java HotSpot(TM) 64-Bit Server VM (25.77-b03 mixed mode bsd-amd64 compressed oops)
# Problematic frame:
# C  [libawt_lwawt.dylib+0x1ae43]  OGLSD_SetScratchSurface+0x49
#
# Failed to write core dump. Core dumps have been disabled. To enable core dumping, try "ulimit -c unlimited" before starting Java again
#
# If you would like to submit a bug report, please visit:
#   http://bugreport.java.com/bugreport/crash.jsp
# The crash happened outside the Java Virtual Machine in native code.
# See problematic frame for where to report the bug.
#

---------------  T H R E A D  ---------------

Current thread (0x00007fad40922000):  JavaThread "Java2D Queue Flusher" daemon [_thread_in_native, id=47667, stack(0x000070000bb57000,0x000070000bc57000)]

siginfo: si_signo: 11 (SIGSEGV), si_code: 1 (SEGV_MAPERR), si_addr: 0x0000000000000005

Registers:
RAX=0x00000000ffffffff, RBX=0x0000000000000005, RCX=0x0000000000000047, RDX=0x00000001248b98ec
RSP=0x000070000bc56810, RBP=0x000070000bc56830, RSI=0x00007fad45628930, RDI=0x00007fad409221f8
R8 =0x0000000000000020, R9 =0x0000000000000000, R10=0x000000010f390bf8, R11=0x00000000e826a021
R12=0x0000000000000000, R13=0x0000000741350188, R14=0x00007fad409221f8, R15=0x00007fad40922000
RIP=0x0000000124898e43, EFLAGS=0x0000000000010206, ERR=0x0000000000000004
  TRAPNO=0x000000000000000e

Top of Stack: (sp=0x000070000bc56810)
0x000070000bc56810:   00007fad45628930 0000000000000000
0x000070000bc56820:   00007fad4119ca10 00007fad40922000
0x000070000bc56830:   000070000bc568b0 00000001248b93ca
0x000070000bc56840:   0000000000000064 00007fad3f7502c8
0x000070000bc56850:   000070000bc568b0 000000010c74bc48
0x000070000bc56860:   0000000000000005 00007fad40922000
0x000070000bc56870:   0000000741350101 00007fad4119ca20
0x000070000bc56880:   0000700000c56800 00007fad409221f8
0x000070000bc56890:   0000000000000000 0000000000000000
0x000070000bc568a0:   000070000bc56908 00007fad40922000
0x000070000bc568b0:   000070000bc56900 000000010f390c6a
0x000070000bc568c0:   00000007413500f0 000070000bc56908
0x000070000bc568d0:   000000010e4133f0 0000000000000000
0x000070000bc568e0:   000000017e569fa0 0000000000000000
0x000070000bc568f0:   000070000bc56910 0000000000000000
0x000070000bc56900:   00000000e826a01e 000000010f541d3c
0x000070000bc56910:   00000007413500f0 0000000741350188
0x000070000bc56920:   0000000000000000 0000000000000000
0x000070000bc56930:   0000000741350188 000070000bc569d0
0x000070000bc56940:   0000000000000001 0000000000000000
0x000070000bc56950:   000070000bc569d0 000000010ef6a7a7
0x000070000bc56960:   0000000741350188 0000000741350188
0x000070000bc56970:   0000700000001fa0 000000000000000a
0x000070000bc56980:   00007fad40922000 0000000000000001
0x000070000bc56990:   000000010ef6a71f 000000010e6bbed8
0x000070000bc569a0:   000070000bc56a68 000070000bc56d00
0x000070000bc569b0:   000000010000000a 000000010e6bbed8
0x000070000bc569c0:   000000010ef7b0a0 000070000bc56c70
0x000070000bc569d0:   000070000bc56b80 000000010c6ea39e
0x000070000bc569e0:   0000700000000001 00007fad40922000
0x000070000bc569f0:   00007fad40922000 000070000bc56d00
0x000070000bc56a00:   00007fad3f7502c0 000000010ef7b0a0 

Instructions: (pc=0x0000000124898e43)
0x0000000124898e23:   c0 e9 82 00 00 00 48 8b 5e 10 48 85 db 75 0e bf
0x0000000124898e33:   01 00 00 00 48 8d 15 fd 75 03 00 eb d6 49 89 fe
0x0000000124898e43:   4c 8b 3b 30 c0 e8 c5 a2 02 00 49 8b 3f 49 89 c4
0x0000000124898e53:   48 8b 35 ae f7 05 00 30 c0 e8 e9 a3 02 00 48 85 

Register to memory mapping:

RAX=0x00000000ffffffff is an unknown value
RBX=0x0000000000000005 is an unknown value
RCX=0x0000000000000047 is an unknown value
RDX=0x00000001248b98ec: Java_sun_java2d_opengl_OGLRenderQueue_flushBuffer+0xb5c in /Library/Java/JavaVirtualMachines/jdk1.8.0_77.jdk/Contents/Home/jre/lib/libawt_lwawt.dylib at 0x000000012487e000
RSP=0x000070000bc56810 is pointing into the stack for thread: 0x00007fad40922000
RBP=0x000070000bc56830 is pointing into the stack for thread: 0x00007fad40922000
RSI=0x00007fad45628930 is an unknown value
RDI=0x00007fad409221f8 is an unknown value
R8 =0x0000000000000020 is an unknown value
R9 =0x0000000000000000 is an unknown value
R10=0x000000010f390bf8 is at entry_point+56 in (nmethod*)0x000000010f390a50
R11=0x00000000e826a021 is an unknown value
R12=0x0000000000000000 is an unknown value
R13=0x0000000741350188 is an oop
sun.java2d.opengl.OGLRenderQueue$QueueFlusher 
 - klass: 'sun/java2d/opengl/OGLRenderQueue$QueueFlusher'
R14=0x00007fad409221f8 is an unknown value
R15=0x00007fad40922000 is a thread


Stack: [0x000070000bb57000,0x000070000bc57000],  sp=0x000070000bc56810,  free space=1022k
Native frames: (J=compiled Java code, j=interpreted, Vv=VM code, C=native code)
C  [libawt_lwawt.dylib+0x1ae43]  OGLSD_SetScratchSurface+0x49
C  [libawt_lwawt.dylib+0x3b3ca]  Java_sun_java2d_opengl_OGLRenderQueue_flushBuffer+0x63a
J 1207  sun.java2d.opengl.OGLRenderQueue.flushBuffer(JI)V (0 bytes) @ 0x000000010f390c6a [0x000000010f390bc0+0xaa]
J 1860% C2 sun.java2d.opengl.OGLRenderQueue$QueueFlusher.run()V (234 bytes) @ 0x000000010f541d3c [0x000000010f541a40+0x2fc]
v  ~StubRoutines::call_stub
V  [libjvm.dylib+0x2ea39e]  JavaCalls::call_helper(JavaValue*, methodHandle*, JavaCallArguments*, Thread*)+0x6ae
V  [libjvm.dylib+0x2eab2c]  JavaCalls::call_virtual(JavaValue*, KlassHandle, Symbol*, Symbol*, JavaCallArguments*, Thread*)+0x164
V  [libjvm.dylib+0x2eacd8]  JavaCalls::call_virtual(JavaValue*, Handle, KlassHandle, Symbol*, Symbol*, Thread*)+0x4a
V  [libjvm.dylib+0x345255]  thread_entry(JavaThread*, Thread*)+0x7c
V  [libjvm.dylib+0x560e03]  JavaThread::thread_main_inner()+0x9b
V  [libjvm.dylib+0x5624fe]  JavaThread::run()+0x1c2
V  [libjvm.dylib+0x482eda]  java_start(Thread*)+0xf6
C  [libsystem_pthread.dylib+0x3aab]  _pthread_body+0xb4
C  [libsystem_pthread.dylib+0x39f7]  _pthread_body+0x0
C  [libsystem_pthread.dylib+0x3221]  thread_start+0xd
C  0x0000000000000000

Java frames: (J=compiled Java code, j=interpreted, Vv=VM code)
J 1207  sun.java2d.opengl.OGLRenderQueue.flushBuffer(JI)V (0 bytes) @ 0x000000010f390bf8 [0x000000010f390bc0+0x38]
J 1860% C2 sun.java2d.opengl.OGLRenderQueue$QueueFlusher.run()V (234 bytes) @ 0x000000010f541d3c [0x000000010f541a40+0x2fc]
v  ~StubRoutines::call_stub

---------------  P R O C E S S  ---------------

Java Threads: ( => current thread )
  0x00007fad3fe28800 JavaThread "TimerQueue" daemon [_thread_blocked, id=70419, stack(0x000070000bee3000,0x000070000bfe3000)]
  0x00007fad41317800 JavaThread "DestroyJavaVM" [_thread_blocked, id=7171, stack(0x000070000a99b000,0x000070000aa9b000)]
  0x00007fad411de800 JavaThread "AWT-EventQueue-0" [_thread_in_native, id=57615, stack(0x000070000bd5d000,0x000070000be5d000)]
  0x00007fad3fa1b800 JavaThread "Java2D Disposer" daemon [_thread_blocked, id=56847, stack(0x000070000bc5a000,0x000070000bd5a000)]
=>0x00007fad40922000 JavaThread "Java2D Queue Flusher" daemon [_thread_in_native, id=47667, stack(0x000070000bb57000,0x000070000bc57000)]
  0x00007fad4113b800 JavaThread "AWT-Shutdown" [_thread_blocked, id=29727, stack(0x000070000b848000,0x000070000b948000)]
  0x00007fad40074000 JavaThread "AppKit Thread" daemon [_thread_in_native, id=775, stack(0x00007fff5388e000,0x00007fff5408e000)]
  0x00007fad40047800 JavaThread "Service Thread" daemon [_thread_blocked, id=18691, stack(0x000070000b5bf000,0x000070000b6bf000)]
  0x00007fad3f87a000 JavaThread "C1 CompilerThread2" daemon [_thread_blocked, id=18179, stack(0x000070000b4bc000,0x000070000b5bc000)]
  0x00007fad3f811800 JavaThread "C2 CompilerThread1" daemon [_thread_blocked, id=17667, stack(0x000070000b3b9000,0x000070000b4b9000)]
  0x00007fad3f81f000 JavaThread "C2 CompilerThread0" daemon [_thread_blocked, id=17155, stack(0x000070000b2b6000,0x000070000b3b6000)]
  0x00007fad3f81e800 JavaThread "Signal Dispatcher" daemon [_thread_blocked, id=16643, stack(0x000070000b1b3000,0x000070000b2b3000)]
  0x00007fad41031000 JavaThread "Finalizer" daemon [_thread_blocked, id=12547, stack(0x000070000b0b0000,0x000070000b1b0000)]
  0x00007fad4080f800 JavaThread "Reference Handler" daemon [_thread_blocked, id=12035, stack(0x000070000afad000,0x000070000b0ad000)]

Other Threads:
  0x00007fad41030000 VMThread [stack: 0x000070000aeaa000,0x000070000afaa000] [id=11523]
  0x00007fad40048000 WatcherThread [stack: 0x000070000b6c2000,0x000070000b7c2000] [id=19203]

VM state:not at safepoint (normal execution)

VM Mutex/Monitor currently owned by a thread: None

Heap:
 PSYoungGen      total 234496K, used 31623K [0x0000000795580000, 0x00000007b5200000, 0x00000007c0000000)
  eden space 233984K, 13% used [0x0000000795580000,0x0000000797461ee8,0x00000007a3a00000)
  from space 512K, 0% used [0x00000007b5180000,0x00000007b5180000,0x00000007b5200000)
  to   space 1024K, 0% used [0x00000007b5000000,0x00000007b5000000,0x00000007b5100000)
 ParOldGen       total 92672K, used 52144K [0x0000000740000000, 0x0000000745a80000, 0x0000000795580000)
  object space 92672K, 56% used [0x0000000740000000,0x00000007432ec260,0x0000000745a80000)
 Metaspace       used 12094K, capacity 12342K, committed 12672K, reserved 1060864K
  class space    used 1522K, capacity 1607K, committed 1664K, reserved 1048576K

Card table byte_map: [0x000000010d795000,0x000000010db96000] byte_map_base: 0x0000000109d95000

Marking Bits: (ParMarkBitMap*) 0x000000010cce3ea0
 Begin Bits: [0x000000011df6a000, 0x000000011ff6a000)
 End Bits:   [0x000000011ff6a000, 0x0000000121f6a000)

Polling page: 0x000000010bbfd000

CodeCache: size=245760Kb used=6477Kb max_used=6478Kb free=239282Kb
 bounds [0x000000010ef6a000, 0x000000010f5ca000, 0x000000011df6a000]
 total_blobs=2350 nmethods=1834 adapters=429
 compilation: enabled

Compilation events (10 events):
Event: 18303.369 Thread 0x00007fad3f811800 1984       4       sun.java2d.pipe.RenderQueue::lock (4 bytes)
Event: 18303.372 Thread 0x00007fad3f811800 nmethod 1984 0x000000010f5b90d0 code [0x000000010f5b9240, 0x000000010f5b9408]
Event: 18303.511 Thread 0x00007fad3f87a000 1985       3       sun.java2d.SurfaceData::canRenderParallelograms (137 bytes)
Event: 18303.511 Thread 0x00007fad3f87a000 nmethod 1985 0x000000010f5c52d0 code [0x000000010f5c54a0, 0x000000010f5c5d98]
Event: 18842.297 Thread 0x00007fad3f87a000 1986       3       hexagonalpets.RotationAxis_Max::mouseMoved (21 bytes)
Event: 18842.298 Thread 0x00007fad3f87a000 nmethod 1986 0x000000010f5c4b50 code [0x000000010f5c4ce0, 0x000000010f5c5088]
Event: 18843.075 Thread 0x00007fad3f87a000 1987       3       sun.java2d.SunGraphics2D::setPaint (158 bytes)
Event: 18843.076 Thread 0x00007fad3f87a000 nmethod 1987 0x000000010f5c3c10 code [0x000000010f5c3e00, 0x000000010f5c4968]
Event: 18843.266 Thread 0x00007fad3f87a000 1988  s    3       java.awt.GraphicsEnvironment::getLocalGraphicsEnvironment (16 bytes)
Event: 18843.266 Thread 0x00007fad3f87a000 nmethod 1988 0x000000010f5c3690 code [0x000000010f5c3800, 0x000000010f5c3b68]

GC Heap History (10 events):
Event: 18303.009 GC heap before
{Heap before GC invocations=75 (full 0):
 PSYoungGen      total 177152K, used 176964K [0x0000000795580000, 0x00000007b5300000, 0x00000007c0000000)
  eden space 176640K, 100% used [0x0000000795580000,0x00000007a0200000,0x00000007a0200000)
  from space 512K, 63% used [0x00000007b5280000,0x00000007b52d10a0,0x00000007b5300000)
  to   space 1024K, 0% used [0x00000007b5100000,0x00000007b5100000,0x00000007b5200000)
 ParOldGen       total 87552K, used 70006K [0x0000000740000000, 0x0000000745580000, 0x0000000795580000)
  object space 87552K, 79% used [0x0000000740000000,0x000000074445d8b8,0x0000000745580000)
 Metaspace       used 12079K, capacity 12264K, committed 12416K, reserved 1060864K
  class space    used 1525K, capacity 1582K, committed 1664K, reserved 1048576K
Event: 18303.013 GC heap after
Heap after GC invocations=75 (full 0):
 PSYoungGen      total 170496K, used 296K [0x0000000795580000, 0x00000007b5300000, 0x00000007c0000000)
  eden space 169472K, 0% used [0x0000000795580000,0x0000000795580000,0x000000079fb00000)
  from space 1024K, 28% used [0x00000007b5100000,0x00000007b514a330,0x00000007b5200000)
  to   space 1024K, 0% used [0x00000007b5200000,0x00000007b5200000,0x00000007b5300000)
 ParOldGen       total 87552K, used 71463K [0x0000000740000000, 0x0000000745580000, 0x0000000795580000)
  object space 87552K, 81% used [0x0000000740000000,0x00000007445c9e68,0x0000000745580000)
 Metaspace       used 12079K, capacity 12264K, committed 12416K, reserved 1060864K
  class space    used 1525K, capacity 1582K, committed 1664K, reserved 1048576K
}
Event: 18303.162 GC heap before
{Heap before GC invocations=76 (full 0):
 PSYoungGen      total 170496K, used 169768K [0x0000000795580000, 0x00000007b5300000, 0x00000007c0000000)
  eden space 169472K, 100% used [0x0000000795580000,0x000000079fb00000,0x000000079fb00000)
  from space 1024K, 28% used [0x00000007b5100000,0x00000007b514a330,0x00000007b5200000)
  to   space 1024K, 0% used [0x00000007b5200000,0x00000007b5200000,0x00000007b5300000)
 ParOldGen       total 87552K, used 71463K [0x0000000740000000, 0x0000000745580000, 0x0000000795580000)
  object space 87552K, 81% used [0x0000000740000000,0x00000007445c9e68,0x0000000745580000)
 Metaspace       used 12090K, capacity 12328K, committed 12672K, reserved 1060864K
  class space    used 1525K, capacity 1582K, committed 1664K, reserved 1048576K
Event: 18303.167 GC heap after
Heap after GC invocations=76 (full 0):
 PSYoungGen      total 204288K, used 269K [0x0000000795580000, 0x00000007b5280000, 0x00000007c0000000)
  eden space 203776K, 0% used [0x0000000795580000,0x0000000795580000,0x00000007a1c80000)
  from space 512K, 52% used [0x00000007b5200000,0x00000007b52435c0,0x00000007b5280000)
  to   space 1024K, 0% used [0x00000007b5080000,0x00000007b5080000,0x00000007b5180000)
 ParOldGen       total 87552K, used 75819K [0x0000000740000000, 0x0000000745580000, 0x0000000795580000)
  object space 87552K, 86% used [0x0000000740000000,0x0000000744a0af78,0x0000000745580000)
 Metaspace       used 12090K, capacity 12328K, committed 12672K, reserved 1060864K
  class space    used 1525K, capacity 1582K, committed 1664K, reserved 1048576K
}
Event: 18303.445 GC heap before
{Heap before GC invocations=77 (full 0):
 PSYoungGen      total 204288K, used 204045K [0x0000000795580000, 0x00000007b5280000, 0x00000007c0000000)
  eden space 203776K, 100% used [0x0000000795580000,0x00000007a1c80000,0x00000007a1c80000)
  from space 512K, 52% used [0x00000007b5200000,0x00000007b52435c0,0x00000007b5280000)
  to   space 1024K, 0% used [0x00000007b5080000,0x00000007b5080000,0x00000007b5180000)
 ParOldGen       total 87552K, used 75819K [0x0000000740000000, 0x0000000745580000, 0x0000000795580000)
  object space 87552K, 86% used [0x0000000740000000,0x0000000744a0af78,0x0000000745580000)
 Metaspace       used 12103K, capacity 12328K, committed 12672K, reserved 1060864K
  class space    used 1525K, capacity 1582K, committed 1664K, reserved 1048576K
Event: 18303.449 GC heap after
Heap after GC invocations=77 (full 0):
 PSYoungGen      total 245760K, used 296K [0x0000000795580000, 0x00000007b5280000, 0x00000007c0000000)
  eden space 244736K, 0% used [0x0000000795580000,0x0000000795580000,0x00000007a4480000)
  from space 1024K, 28% used [0x00000007b5080000,0x00000007b50ca330,0x00000007b5180000)
  to   space 1024K, 0% used [0x00000007b5180000,0x00000007b5180000,0x00000007b5280000)
 ParOldGen       total 87552K, used 80160K [0x0000000740000000, 0x0000000745580000, 0x0000000795580000)
  object space 87552K, 91% used [0x0000000740000000,0x0000000744e48088,0x0000000745580000)
 Metaspace       used 12103K, capacity 12328K, committed 12672K, reserved 1060864K
  class space    used 1525K, capacity 1582K, committed 1664K, reserved 1048576K
}
Event: 18843.165 GC heap before
{Heap before GC invocations=78 (full 0):
 PSYoungGen      total 245760K, used 245032K [0x0000000795580000, 0x00000007b5280000, 0x00000007c0000000)
  eden space 244736K, 100% used [0x0000000795580000,0x00000007a4480000,0x00000007a4480000)
  from space 1024K, 28% used [0x00000007b5080000,0x00000007b50ca330,0x00000007b5180000)
  to   space 1024K, 0% used [0x00000007b5180000,0x00000007b5180000,0x00000007b5280000)
 ParOldGen       total 87552K, used 80160K [0x0000000740000000, 0x0000000745580000, 0x0000000795580000)
  object space 87552K, 91% used [0x0000000740000000,0x0000000744e48088,0x0000000745580000)
 Metaspace       used 12103K, capacity 12328K, committed 12672K, reserved 1060864K
  class space    used 1525K, capacity 1582K, committed 1664K, reserved 1048576K
Event: 18843.168 GC heap after
Heap after GC invocations=78 (full 0):
 PSYoungGen      total 234496K, used 319K [0x0000000795580000, 0x00000007b5200000, 0x00000007c0000000)
  eden space 233984K, 0% used [0x0000000795580000,0x0000000795580000,0x00000007a3a00000)
  from space 512K, 62% used [0x00000007b5180000,0x00000007b51cfe10,0x00000007b5200000)
  to   space 1024K, 0% used [0x00000007b5000000,0x00000007b5000000,0x00000007b5100000)
 ParOldGen       total 87552K, used 84500K [0x0000000740000000, 0x0000000745580000, 0x0000000795580000)
  object space 87552K, 96% used [0x0000000740000000,0x0000000745285198,0x0000000745580000)
 Metaspace       used 12103K, capacity 12328K, committed 12672K, reserved 1060864K
  class space    used 1525K, capacity 1582K, committed 1664K, reserved 1048576K
}
Event: 18843.169 GC heap before
{Heap before GC invocations=79 (full 1):
 PSYoungGen      total 234496K, used 319K [0x0000000795580000, 0x00000007b5200000, 0x00000007c0000000)
  eden space 233984K, 0% used [0x0000000795580000,0x0000000795580000,0x00000007a3a00000)
  from space 512K, 62% used [0x00000007b5180000,0x00000007b51cfe10,0x00000007b5200000)
  to   space 1024K, 0% used [0x00000007b5000000,0x00000007b5000000,0x00000007b5100000)
 ParOldGen       total 87552K, used 84500K [0x0000000740000000, 0x0000000745580000, 0x0000000795580000)
  object space 87552K, 96% used [0x0000000740000000,0x0000000745285198,0x0000000745580000)
 Metaspace       used 12103K, capacity 12328K, committed 12672K, reserved 1060864K
  class space    used 1525K, capacity 1582K, committed 1664K, reserved 1048576K
Event: 18843.265 GC heap after
Heap after GC invocations=79 (full 1):
 PSYoungGen      total 234496K, used 0K [0x0000000795580000, 0x00000007b5200000, 0x00000007c0000000)
  eden space 233984K, 0% used [0x0000000795580000,0x0000000795580000,0x00000007a3a00000)
  from space 512K, 0% used [0x00000007b5180000,0x00000007b5180000,0x00000007b5200000)
  to   space 1024K, 0% used [0x00000007b5000000,0x00000007b5000000,0x00000007b5100000)
 ParOldGen       total 92672K, used 52144K [0x0000000740000000, 0x0000000745a80000, 0x0000000795580000)
  object space 92672K, 56% used [0x0000000740000000,0x00000007432ec260,0x0000000745a80000)
 Metaspace       used 12092K, capacity 12310K, committed 12672K, reserved 1060864K
  class space    used 1521K, capacity 1575K, committed 1664K, reserved 1048576K
}

Deoptimization events (10 events):
Event: 8581.793 Thread 0x00007fad411de800 Uncommon trap: reason=unstable_if action=reinterpret pc=0x000000010f35d45c method=sun.font.GlyphList.ensureCapacity(I)V @ 41
Event: 8581.793 Thread 0x00007fad411de800 Uncommon trap: reason=unstable_if action=reinterpret pc=0x000000010f124818 method=sun.font.GlyphList.dispose()V @ 4
Event: 8581.881 Thread 0x00007fad411de800 Uncommon trap: reason=unstable_if action=reinterpret pc=0x000000010f4b2930 method=sun.font.GlyphList.ensureCapacity(I)V @ 41
Event: 8581.976 Thread 0x00007fad411de800 Uncommon trap: reason=unstable_if action=reinterpret pc=0x000000010f4b92fc method=sun.dc.DuctusRenderingEngine.getAATileGenerator(Ljava/awt/Shape;Ljava/awt/geom/AffineTransform;Lsun/java2d/pipe/Region;Ljava/awt/BasicStroke;ZZ[I)Lsun/java2d/pipe/AATileGene
Event: 8936.563 Thread 0x00007fad411de800 Uncommon trap: reason=class_check action=maybe_recompile pc=0x000000010f48fd70 method=java.awt.EventQueue.coalesceEvent(Ljava/awt/AWTEvent;I)Z @ 77
Event: 8936.574 Thread 0x00007fad411de800 Uncommon trap: reason=class_check action=maybe_recompile pc=0x000000010f48fd70 method=java.awt.EventQueue.coalesceEvent(Ljava/awt/AWTEvent;I)Z @ 77
Event: 8936.582 Thread 0x00007fad411de800 Uncommon trap: reason=class_check action=maybe_recompile pc=0x000000010f48fd70 method=java.awt.EventQueue.coalesceEvent(Ljava/awt/AWTEvent;I)Z @ 77
Event: 8936.591 Thread 0x00007fad411de800 Uncommon trap: reason=class_check action=maybe_recompile pc=0x000000010f48fd70 method=java.awt.EventQueue.coalesceEvent(Ljava/awt/AWTEvent;I)Z @ 77
Event: 17622.207 Thread 0x00007fad411de800 Uncommon trap: reason=unstable_if action=reinterpret pc=0x000000010f567b74 method=sun.lwawt.LWCursorManager.findComponent(Ljava/awt/Point;)Ljava/awt/Component; @ 70
Event: 18843.266 Thread 0x00007fad3fa1b800 Uncommon trap: reason=unstable_if action=reinterpret pc=0x000000010f18f8b4 method=java.util.concurrent.ConcurrentHashMap.get(Ljava/lang/Object;)Ljava/lang/Object; @ 138

Internal exceptions (10 events):
Event: 18264.888 Thread 0x00007fad411de800 Implicit null exception at 0x000000010f0791e9 to 0x000000010f07927b
Event: 18264.888 Thread 0x00007fad411de800 Exception <a 'java/lang/NullPointerException'> (0x0000000796827d70) thrown at [/Users/java_re/workspace/8-2-build-macosx-x86_64/jdk8u77/6540/hotspot/src/share/vm/runtime/sharedRuntime.cpp, line 605]
Event: 18264.898 Thread 0x00007fad411de800 Implicit null exception at 0x000000010f0791e9 to 0x000000010f07927b
Event: 18264.898 Thread 0x00007fad411de800 Exception <a 'java/lang/NullPointerException'> (0x00000007970a64a0) thrown at [/Users/java_re/workspace/8-2-build-macosx-x86_64/jdk8u77/6540/hotspot/src/share/vm/runtime/sharedRuntime.cpp, line 605]
Event: 18264.900 Thread 0x00007fad411de800 Implicit null exception at 0x000000010f0791e9 to 0x000000010f07927b
Event: 18264.900 Thread 0x00007fad411de800 Exception <a 'java/lang/NullPointerException'> (0x00000007974f4c38) thrown at [/Users/java_re/workspace/8-2-build-macosx-x86_64/jdk8u77/6540/hotspot/src/share/vm/runtime/sharedRuntime.cpp, line 605]
Event: 18264.904 Thread 0x00007fad411de800 Implicit null exception at 0x000000010f0791e9 to 0x000000010f07927b
Event: 18264.904 Thread 0x00007fad411de800 Exception <a 'java/lang/NullPointerException'> (0x0000000797943398) thrown at [/Users/java_re/workspace/8-2-build-macosx-x86_64/jdk8u77/6540/hotspot/src/share/vm/runtime/sharedRuntime.cpp, line 605]
Event: 18264.907 Thread 0x00007fad411de800 Implicit null exception at 0x000000010f0791e9 to 0x000000010f07927b
Event: 18264.907 Thread 0x00007fad411de800 Exception <a 'java/lang/NullPointerException'> (0x0000000797d91e68) thrown at [/Users/java_re/workspace/8-2-build-macosx-x86_64/jdk8u77/6540/hotspot/src/share/vm/runtime/sharedRuntime.cpp, line 605]

Events (10 events):
Event: 18843.267 Executing VM operation: RevokeBias
Event: 18843.267 Executing VM operation: RevokeBias done
Event: 18843.267 Executing VM operation: RevokeBias
Event: 18843.267 Executing VM operation: RevokeBias done
Event: 18843.267 Executing VM operation: RevokeBias
Event: 18843.267 Executing VM operation: RevokeBias done
Event: 18843.268 Executing VM operation: RevokeBias
Event: 18843.268 Executing VM operation: RevokeBias done
Event: 18843.268 Executing VM operation: RevokeBias
Event: 18843.268 Executing VM operation: RevokeBias done


Dynamic libraries:
0x0000000030035000 	/System/Library/Frameworks/Cocoa.framework/Versions/A/Cocoa
0x0000000030035000 	/System/Library/Frameworks/Security.framework/Versions/A/Security
0x0000000030035000 	/System/Library/Frameworks/ApplicationServices.framework/Versions/A/ApplicationServices
0x0000000030035000 	/usr/lib/libz.1.dylib
0x0000000030035000 	/usr/lib/libSystem.B.dylib
0x0000000030035000 	/usr/lib/libobjc.A.dylib
0x0000000030035000 	/System/Library/Frameworks/CoreFoundation.framework/Versions/A/CoreFoundation
0x0000000030035000 	/System/Library/Frameworks/Foundation.framework/Versions/C/Foundation
0x0000000030035000 	/System/Library/Frameworks/AppKit.framework/Versions/C/AppKit
0x0000000030035000 	/System/Library/Frameworks/CoreData.framework/Versions/A/CoreData
0x0000000030035000 	/System/Library/PrivateFrameworks/RemoteViewServices.framework/Versions/A/RemoteViewServices
0x0000000030035000 	/System/Library/PrivateFrameworks/UIFoundation.framework/Versions/A/UIFoundation
0x0000000030035000 	/usr/lib/libenergytrace.dylib
0x0000000030035000 	/System/Library/PrivateFrameworks/SkyLight.framework/Versions/A/SkyLight
0x0000000030035000 	/System/Library/Frameworks/CoreGraphics.framework/Versions/A/CoreGraphics
0x0000000030035000 	/usr/lib/libScreenReader.dylib
0x0000000030035000 	/System/Library/Frameworks/Accelerate.framework/Versions/A/Accelerate
0x0000000030035000 	/System/Library/Frameworks/IOSurface.framework/Versions/A/IOSurface
0x0000000030035000 	/System/Library/Frameworks/AudioToolbox.framework/Versions/A/AudioToolbox
0x0000000030035000 	/System/Library/Frameworks/AudioUnit.framework/Versions/A/AudioUnit
0x0000000030035000 	/System/Library/PrivateFrameworks/DataDetectorsCore.framework/Versions/A/DataDetectorsCore
0x0000000030035000 	/System/Library/PrivateFrameworks/DesktopServicesPriv.framework/Versions/A/DesktopServicesPriv
0x0000000030035000 	/System/Library/Frameworks/Carbon.framework/Versions/A/Frameworks/HIToolbox.framework/Versions/A/HIToolbox
0x0000000030035000 	/usr/lib/libicucore.A.dylib
0x0000000030035000 	/System/Library/Frameworks/QuartzCore.framework/Versions/A/QuartzCore
0x0000000030035000 	/System/Library/Frameworks/Carbon.framework/Versions/A/Frameworks/SpeechRecognition.framework/Versions/A/SpeechRecognition
0x0000000030035000 	/usr/lib/libauto.dylib
0x0000000030035000 	/usr/lib/libxml2.2.dylib
0x0000000030035000 	/System/Library/PrivateFrameworks/CoreUI.framework/Versions/A/CoreUI
0x0000000030035000 	/System/Library/Frameworks/CoreAudio.framework/Versions/A/CoreAudio
0x0000000030035000 	/System/Library/Frameworks/DiskArbitration.framework/Versions/A/DiskArbitration
0x0000000030035000 	/usr/lib/liblangid.dylib
0x0000000030035000 	/System/Library/PrivateFrameworks/MultitouchSupport.framework/Versions/A/MultitouchSupport
0x0000000030035000 	/System/Library/Frameworks/IOKit.framework/Versions/A/IOKit
0x0000000030035000 	/usr/lib/libDiagnosticMessagesClient.dylib
0x0000000030035000 	/System/Library/Frameworks/CoreServices.framework/Versions/A/CoreServices
0x0000000030035000 	/System/Library/PrivateFrameworks/PerformanceAnalysis.framework/Versions/A/PerformanceAnalysis
0x0000000030035000 	/System/Library/PrivateFrameworks/GenerationalStorage.framework/Versions/A/GenerationalStorage
0x0000000030035000 	/System/Library/Frameworks/OpenGL.framework/Versions/A/OpenGL
0x0000000030035000 	/System/Library/Frameworks/CoreImage.framework/Versions/A/CoreImage
0x0000000030035000 	/System/Library/Frameworks/CoreText.framework/Versions/A/CoreText
0x0000000030035000 	/System/Library/Frameworks/ImageIO.framework/Versions/A/ImageIO
0x0000000030035000 	/System/Library/PrivateFrameworks/Backup.framework/Versions/A/Backup
0x0000000030035000 	/usr/lib/libarchive.2.dylib
0x0000000030035000 	/System/Library/Frameworks/CFNetwork.framework/Versions/A/CFNetwork
0x0000000030035000 	/System/Library/Frameworks/SystemConfiguration.framework/Versions/A/SystemConfiguration
0x0000000030035000 	/usr/lib/libCRFSuite.dylib
0x0000000030035000 	/usr/lib/libc++.1.dylib
0x0000000030035000 	/usr/lib/libc++abi.dylib
0x0000000030035000 	/usr/lib/system/libcache.dylib
0x0000000030035000 	/usr/lib/system/libcommonCrypto.dylib
0x0000000030035000 	/usr/lib/system/libcompiler_rt.dylib
0x0000000030035000 	/usr/lib/system/libcopyfile.dylib
0x0000000030035000 	/usr/lib/system/libcorecrypto.dylib
0x0000000030035000 	/usr/lib/system/libdispatch.dylib
0x0000000030035000 	/usr/lib/system/libdyld.dylib
0x0000000030035000 	/usr/lib/system/libkeymgr.dylib
0x0000000030035000 	/usr/lib/system/liblaunch.dylib
0x0000000030035000 	/usr/lib/system/libmacho.dylib
0x0000000030035000 	/usr/lib/system/libquarantine.dylib
0x0000000030035000 	/usr/lib/system/libremovefile.dylib
0x0000000030035000 	/usr/lib/system/libsystem_asl.dylib
0x0000000030035000 	/usr/lib/system/libsystem_blocks.dylib
0x0000000030035000 	/usr/lib/system/libsystem_c.dylib
0x0000000030035000 	/usr/lib/system/libsystem_configuration.dylib
0x0000000030035000 	/usr/lib/system/libsystem_coreservices.dylib
0x0000000030035000 	/usr/lib/system/libsystem_coretls.dylib
0x0000000030035000 	/usr/lib/system/libsystem_dnssd.dylib
0x0000000030035000 	/usr/lib/system/libsystem_info.dylib
0x0000000030035000 	/usr/lib/system/libsystem_kernel.dylib
0x0000000030035000 	/usr/lib/system/libsystem_m.dylib
0x0000000030035000 	/usr/lib/system/libsystem_malloc.dylib
0x0000000030035000 	/usr/lib/system/libsystem_network.dylib
0x0000000030035000 	/usr/lib/system/libsystem_networkextension.dylib
0x0000000030035000 	/usr/lib/system/libsystem_notify.dylib
0x0000000030035000 	/usr/lib/system/libsystem_platform.dylib
0x0000000030035000 	/usr/lib/system/libsystem_pthread.dylib
0x0000000030035000 	/usr/lib/system/libsystem_sandbox.dylib
0x0000000030035000 	/usr/lib/system/libsystem_secinit.dylib
0x0000000030035000 	/usr/lib/system/libsystem_symptoms.dylib
0x0000000030035000 	/usr/lib/system/libsystem_trace.dylib
0x0000000030035000 	/usr/lib/system/libunwind.dylib
0x0000000030035000 	/usr/lib/system/libxpc.dylib
0x0000000030035000 	/usr/lib/libbsm.0.dylib
0x0000000030035000 	/usr/lib/system/libkxld.dylib
0x0000000030035000 	/usr/lib/libcoretls.dylib
0x0000000030035000 	/usr/lib/libcoretls_cfhelpers.dylib
0x0000000030035000 	/usr/lib/libxar.1.dylib
0x0000000030035000 	/usr/lib/libsqlite3.dylib
0x0000000030035000 	/usr/lib/libpam.2.dylib
0x0000000030035000 	/usr/lib/libOpenScriptingUtil.dylib
0x0000000030035000 	/usr/lib/libbz2.1.0.dylib
0x0000000030035000 	/usr/lib/liblzma.5.dylib
0x0000000030035000 	/usr/lib/libnetwork.dylib
0x0000000030035000 	/usr/lib/libpcap.A.dylib
0x0000000030035000 	/System/Library/Frameworks/CoreServices.framework/Versions/A/Frameworks/FSEvents.framework/Versions/A/FSEvents
0x0000000030035000 	/System/Library/Frameworks/CoreServices.framework/Versions/A/Frameworks/CarbonCore.framework/Versions/A/CarbonCore
0x0000000030035000 	/System/Library/Frameworks/CoreServices.framework/Versions/A/Frameworks/Metadata.framework/Versions/A/Metadata
0x0000000030035000 	/System/Library/Frameworks/CoreServices.framework/Versions/A/Frameworks/OSServices.framework/Versions/A/OSServices
0x0000000030035000 	/System/Library/Frameworks/CoreServices.framework/Versions/A/Frameworks/SearchKit.framework/Versions/A/SearchKit
0x0000000030035000 	/System/Library/Frameworks/CoreServices.framework/Versions/A/Frameworks/AE.framework/Versions/A/AE
0x0000000030035000 	/System/Library/Frameworks/CoreServices.framework/Versions/A/Frameworks/LaunchServices.framework/Versions/A/LaunchServices
0x0000000030035000 	/System/Library/Frameworks/CoreServices.framework/Versions/A/Frameworks/DictionaryServices.framework/Versions/A/DictionaryServices
0x0000000030035000 	/System/Library/Frameworks/CoreServices.framework/Versions/A/Frameworks/SharedFileList.framework/Versions/A/SharedFileList
0x0000000030035000 	/System/Library/Frameworks/NetFS.framework/Versions/A/NetFS
0x0000000030035000 	/System/Library/PrivateFrameworks/NetAuth.framework/Versions/A/NetAuth
0x0000000030035000 	/System/Library/PrivateFrameworks/login.framework/Versions/A/Frameworks/loginsupport.framework/Versions/A/loginsupport
0x0000000030035000 	/System/Library/PrivateFrameworks/TCC.framework/Versions/A/TCC
0x0000000030035000 	/usr/lib/libmecabra.dylib
0x0000000030035000 	/System/Library/Frameworks/ApplicationServices.framework/Versions/A/Frameworks/ATS.framework/Versions/A/ATS
0x0000000030035000 	/System/Library/Frameworks/ApplicationServices.framework/Versions/A/Frameworks/ColorSync.framework/Versions/A/ColorSync
0x0000000030035000 	/System/Library/Frameworks/ApplicationServices.framework/Versions/A/Frameworks/HIServices.framework/Versions/A/HIServices
0x0000000030035000 	/System/Library/Frameworks/ApplicationServices.framework/Versions/A/Frameworks/LangAnalysis.framework/Versions/A/LangAnalysis
0x0000000030035000 	/System/Library/Frameworks/ApplicationServices.framework/Versions/A/Frameworks/PrintCore.framework/Versions/A/PrintCore
0x0000000030035000 	/System/Library/Frameworks/ApplicationServices.framework/Versions/A/Frameworks/QD.framework/Versions/A/QD
0x0000000030035000 	/System/Library/Frameworks/ApplicationServices.framework/Versions/A/Frameworks/SpeechSynthesis.framework/Versions/A/SpeechSynthesis
0x0000000030035000 	/System/Library/Frameworks/Accelerate.framework/Versions/A/Frameworks/vImage.framework/Versions/A/vImage
0x0000000030035000 	/System/Library/Frameworks/Accelerate.framework/Versions/A/Frameworks/vecLib.framework/Versions/A/vecLib
0x0000000030035000 	/System/Library/Frameworks/Accelerate.framework/Versions/A/Frameworks/vecLib.framework/Versions/A/libvDSP.dylib
0x0000000030035000 	/System/Library/Frameworks/Accelerate.framework/Versions/A/Frameworks/vecLib.framework/Versions/A/libBNNS.dylib
0x0000000030035000 	/System/Library/Frameworks/Accelerate.framework/Versions/A/Frameworks/vecLib.framework/Versions/A/libQuadrature.dylib
0x0000000030035000 	/System/Library/Frameworks/Accelerate.framework/Versions/A/Frameworks/vecLib.framework/Versions/A/libvMisc.dylib
0x0000000030035000 	/System/Library/Frameworks/Accelerate.framework/Versions/A/Frameworks/vecLib.framework/Versions/A/libLAPACK.dylib
0x0000000030035000 	/System/Library/Frameworks/Accelerate.framework/Versions/A/Frameworks/vecLib.framework/Versions/A/libBLAS.dylib
0x0000000030035000 	/System/Library/Frameworks/Accelerate.framework/Versions/A/Frameworks/vecLib.framework/Versions/A/libLinearAlgebra.dylib
0x0000000030035000 	/System/Library/Frameworks/Accelerate.framework/Versions/A/Frameworks/vecLib.framework/Versions/A/libSparseBLAS.dylib
0x0000000030035000 	/System/Library/Frameworks/ApplicationServices.framework/Versions/A/Frameworks/ATS.framework/Versions/A/Resources/libFontParser.dylib
0x0000000030035000 	/System/Library/Frameworks/ApplicationServices.framework/Versions/A/Frameworks/ATS.framework/Versions/A/Resources/libFontRegistry.dylib
0x0000000030035000 	/System/Library/Frameworks/ImageIO.framework/Versions/A/Resources/libJPEG.dylib
0x0000000030035000 	/System/Library/Frameworks/ImageIO.framework/Versions/A/Resources/libTIFF.dylib
0x0000000030035000 	/System/Library/Frameworks/ImageIO.framework/Versions/A/Resources/libPng.dylib
0x0000000030035000 	/System/Library/Frameworks/ImageIO.framework/Versions/A/Resources/libGIF.dylib
0x0000000030035000 	/System/Library/Frameworks/ImageIO.framework/Versions/A/Resources/libJP2.dylib
0x0000000030035000 	/System/Library/Frameworks/ImageIO.framework/Versions/A/Resources/libRadiance.dylib
0x0000000030035000 	/usr/lib/libcompression.dylib
0x0000000030035000 	/System/Library/PrivateFrameworks/AppleJPEG.framework/Versions/A/AppleJPEG
0x0000000030035000 	/usr/lib/libcups.2.dylib
0x0000000030035000 	/System/Library/Frameworks/Kerberos.framework/Versions/A/Kerberos
0x0000000030035000 	/System/Library/Frameworks/GSS.framework/Versions/A/GSS
0x0000000030035000 	/usr/lib/libresolv.9.dylib
0x0000000030035000 	/usr/lib/libiconv.2.dylib
0x0000000030035000 	/System/Library/PrivateFrameworks/Heimdal.framework/Versions/A/Heimdal
0x0000000030035000 	/usr/lib/libheimdal-asn1.dylib
0x0000000030035000 	/System/Library/Frameworks/OpenDirectory.framework/Versions/A/OpenDirectory
0x0000000030035000 	/System/Library/PrivateFrameworks/CommonAuth.framework/Versions/A/CommonAuth
0x0000000030035000 	/System/Library/Frameworks/OpenDirectory.framework/Versions/A/Frameworks/CFOpenDirectory.framework/Versions/A/CFOpenDirectory
0x0000000030035000 	/System/Library/Frameworks/SecurityFoundation.framework/Versions/A/SecurityFoundation
0x0000000030035000 	/System/Library/PrivateFrameworks/LanguageModeling.framework/Versions/A/LanguageModeling
0x0000000030035000 	/usr/lib/libmarisa.dylib
0x0000000030035000 	/usr/lib/libChineseTokenizer.dylib
0x0000000030035000 	/usr/lib/libcmph.dylib
0x0000000030035000 	/System/Library/PrivateFrameworks/CoreEmoji.framework/Versions/A/CoreEmoji
0x0000000030035000 	/System/Library/Frameworks/ServiceManagement.framework/Versions/A/ServiceManagement
0x0000000030035000 	/usr/lib/libxslt.1.dylib
0x0000000030035000 	/System/Library/Frameworks/Carbon.framework/Versions/A/Frameworks/Ink.framework/Versions/A/Ink
0x0000000030035000 	/System/Library/PrivateFrameworks/TextureIO.framework/Versions/A/TextureIO
0x0000000030035000 	/System/Library/Frameworks/Metal.framework/Versions/A/Metal
0x0000000030035000 	/usr/lib/libate.dylib
0x0000000030035000 	/System/Library/PrivateFrameworks/GPUCompiler.framework/libmetal_timestamp.dylib
0x0000000030035000 	/System/Library/Frameworks/OpenGL.framework/Versions/A/Libraries/libCoreFSCache.dylib
0x0000000030035000 	/System/Library/PrivateFrameworks/IOAccelerator.framework/Versions/A/IOAccelerator
0x0000000030035000 	/System/Library/Frameworks/CoreVideo.framework/Versions/A/CoreVideo
0x0000000030035000 	/usr/lib/libFosl_dynamic.dylib
0x0000000030035000 	/System/Library/PrivateFrameworks/MetalPerformanceShaders.framework/Versions/A/MetalPerformanceShaders
0x0000000030035000 	/System/Library/PrivateFrameworks/FaceCore.framework/Versions/A/FaceCore
0x0000000030035000 	/System/Library/Frameworks/OpenCL.framework/Versions/A/OpenCL
0x0000000030035000 	/System/Library/Frameworks/OpenGL.framework/Versions/A/Libraries/libGLU.dylib
0x0000000030035000 	/System/Library/Frameworks/OpenGL.framework/Versions/A/Libraries/libGFXShared.dylib
0x0000000030035000 	/System/Library/Frameworks/OpenGL.framework/Versions/A/Libraries/libGL.dylib
0x0000000030035000 	/System/Library/Frameworks/OpenGL.framework/Versions/A/Libraries/libGLImage.dylib
0x0000000030035000 	/System/Library/Frameworks/OpenGL.framework/Versions/A/Libraries/libCVMSPluginSupport.dylib
0x0000000030035000 	/System/Library/Frameworks/OpenGL.framework/Versions/A/Libraries/libCoreVMClient.dylib
0x0000000030035000 	/System/Library/PrivateFrameworks/CrashReporterSupport.framework/Versions/A/CrashReporterSupport
0x0000000030035000 	/System/Library/PrivateFrameworks/Sharing.framework/Versions/A/Sharing
0x0000000030035000 	/System/Library/PrivateFrameworks/IconServices.framework/Versions/A/IconServices
0x0000000030035000 	/System/Library/PrivateFrameworks/ProtocolBuffer.framework/Versions/A/ProtocolBuffer
0x0000000030035000 	/System/Library/PrivateFrameworks/Apple80211.framework/Versions/A/Apple80211
0x0000000030035000 	/System/Library/Frameworks/CoreWLAN.framework/Versions/A/CoreWLAN
0x0000000030035000 	/System/Library/PrivateFrameworks/CoreUtils.framework/Versions/A/CoreUtils
0x0000000030035000 	/System/Library/Frameworks/IOBluetooth.framework/Versions/A/IOBluetooth
0x0000000030035000 	/System/Library/PrivateFrameworks/CoreWiFi.framework/Versions/A/CoreWiFi
0x0000000030035000 	/System/Library/Frameworks/CoreBluetooth.framework/Versions/A/CoreBluetooth
0x0000000030035000 	/System/Library/Frameworks/CoreDisplay.framework/Versions/A/CoreDisplay
0x0000000030035000 	/System/Library/PrivateFrameworks/IOPresentment.framework/Versions/A/IOPresentment
0x0000000030035000 	/System/Library/PrivateFrameworks/DebugSymbols.framework/Versions/A/DebugSymbols
0x0000000030035000 	/System/Library/PrivateFrameworks/CoreSymbolication.framework/Versions/A/CoreSymbolication
0x0000000030035000 	/System/Library/PrivateFrameworks/Symbolication.framework/Versions/A/Symbolication
0x0000000030035000 	/System/Library/PrivateFrameworks/AppleFSCompression.framework/Versions/A/AppleFSCompression
0x0000000030035000 	/System/Library/PrivateFrameworks/SpeechRecognitionCore.framework/Versions/A/SpeechRecognitionCore
0x0000000030035000 	/System/Library/PrivateFrameworks/ChunkingLibrary.framework/Versions/A/ChunkingLibrary
0x000000010c400000 	/Library/Java/JavaVirtualMachines/jdk1.8.0_77.jdk/Contents/Home/jre/lib/server/libjvm.dylib
0x0000000030035000 	/usr/lib/libstdc++.6.dylib
0x000000010bbef000 	/Library/Java/JavaVirtualMachines/jdk1.8.0_77.jdk/Contents/Home/jre/lib/libverify.dylib
0x000000010d38f000 	/Library/Java/JavaVirtualMachines/jdk1.8.0_77.jdk/Contents/Home/jre/lib/libjava.dylib
0x000000010d3cc000 	/Library/Java/JavaVirtualMachines/jdk1.8.0_77.jdk/Contents/Home/jre/lib/libzip.dylib
0x0000000122dca000 	/System/Library/Frameworks/JavaVM.framework/Frameworks/JavaRuntimeSupport.framework/JavaRuntimeSupport
0x0000000122de4000 	/System/Library/Frameworks/JavaVM.framework/Versions/A/Frameworks/JavaNativeFoundation.framework/Versions/A/JavaNativeFoundation
0x0000000122df9000 	/System/Library/Frameworks/JavaVM.framework/Versions/A/JavaVM
0x0000000030035000 	/System/Library/Frameworks/Carbon.framework/Versions/A/Carbon
0x0000000122e06000 	/System/Library/PrivateFrameworks/JavaLaunching.framework/Versions/A/JavaLaunching
0x0000000030035000 	/System/Library/Frameworks/Carbon.framework/Versions/A/Frameworks/CommonPanels.framework/Versions/A/CommonPanels
0x0000000030035000 	/System/Library/Frameworks/Carbon.framework/Versions/A/Frameworks/Help.framework/Versions/A/Help
0x0000000030035000 	/System/Library/Frameworks/Carbon.framework/Versions/A/Frameworks/ImageCapture.framework/Versions/A/ImageCapture
0x0000000030035000 	/System/Library/Frameworks/Carbon.framework/Versions/A/Frameworks/OpenScripting.framework/Versions/A/OpenScripting
0x0000000030035000 	/System/Library/Frameworks/Carbon.framework/Versions/A/Frameworks/Print.framework/Versions/A/Print
0x0000000030035000 	/System/Library/Frameworks/Carbon.framework/Versions/A/Frameworks/SecurityHI.framework/Versions/A/SecurityHI
0x000000012470a000 	/Library/Java/JavaVirtualMachines/jdk1.8.0_77.jdk/Contents/Home/jre/lib/libawt.dylib
0x00000001247b2000 	/Library/Java/JavaVirtualMachines/jdk1.8.0_77.jdk/Contents/Home/jre/lib/./libmlib_image.dylib
0x000000012487e000 	/Library/Java/JavaVirtualMachines/jdk1.8.0_77.jdk/Contents/Home/jre/lib/libawt_lwawt.dylib
0x0000000124933000 	/Library/Java/JavaVirtualMachines/jdk1.8.0_77.jdk/Contents/Home/jre/lib/./libosxapp.dylib
0x0000000030035000 	/System/Library/Frameworks/ExceptionHandling.framework/Versions/A/ExceptionHandling
0x0000000030035000 	/System/Library/PrivateFrameworks/CoreServicesInternal.framework/Versions/A/CoreServicesInternal
0x0000000030035000 	/System/Library/CoreServices/RawCamera.bundle/Contents/MacOS/RawCamera
0x0000000030035000 	/System/Library/Frameworks/Accelerate.framework/Versions/A/Frameworks/vImage.framework/Versions/A/Libraries/libCGInterfaces.dylib
0x0000000030035000 	/System/Library/Frameworks/ApplicationServices.framework/Versions/A/Frameworks/ATS.framework/Versions/A/Resources/libTrueTypeScaler.dylib
0x0000000030035000 	/System/Library/Frameworks/OpenGL.framework/Versions/A/Resources/GLEngine.bundle/GLEngine
0x0000000030035000 	/System/Library/Frameworks/OpenGL.framework/Versions/A/Libraries/libGLProgrammability.dylib
0x0000000126666000 	/System/Library/Extensions/AppleIntelBDWGraphicsGLDriver.bundle/Contents/MacOS/AppleIntelBDWGraphicsGLDriver
0x0000000030035000 	/System/Library/PrivateFrameworks/GPUSupport.framework/Versions/A/Libraries/libGPUSupportMercury.dylib
0x0000000030035000 	/System/Library/Frameworks/OpenGL.framework/Versions/A/Resources/GLRendererFloat.bundle/GLRendererFloat
0x0000000030035000 	/System/Library/Frameworks/OpenCL.framework/Versions/A/Libraries/libcldcpuengine.dylib
0x0000000030035000 	/usr/lib/libcrypto.0.9.8.dylib
0x0000000030035000 	/System/Library/PrivateFrameworks/TrustEvaluationAgent.framework/Versions/A/TrustEvaluationAgent
0x0000000126de0000 	/System/Library/Extensions/AppleIntelBDWGraphicsMTLDriver.bundle/Contents/MacOS/AppleIntelBDWGraphicsMTLDriver
0x0000000030035000 	/System/Library/PrivateFrameworks/FamilyControls.framework/Versions/A/FamilyControls
0x0000000030035000 	/System/Library/PrivateFrameworks/CommerceKit.framework/Versions/A/Frameworks/CommerceCore.framework/Versions/A/CommerceCore
0x0000000030035000 	/System/Library/PrivateFrameworks/SystemAdministration.framework/Versions/A/SystemAdministration
0x0000000030035000 	/System/Library/PrivateFrameworks/AppContainer.framework/Versions/A/AppContainer
0x0000000030035000 	/System/Library/PrivateFrameworks/SecCodeWrapper.framework/Versions/A/SecCodeWrapper
0x0000000030035000 	/System/Library/Frameworks/DirectoryService.framework/Versions/A/DirectoryService
0x0000000030035000 	/System/Library/PrivateFrameworks/DiskImages.framework/Versions/A/DiskImages
0x0000000030035000 	/System/Library/PrivateFrameworks/LoginUIKit.framework/Versions/A/Frameworks/LoginUICore.framework/Versions/A/LoginUICore
0x0000000030035000 	/usr/lib/libCoreStorage.dylib
0x0000000030035000 	/usr/lib/libcsfde.dylib
0x0000000030035000 	/usr/lib/libodfde.dylib
0x0000000030035000 	/System/Library/Frameworks/DiscRecording.framework/Versions/A/DiscRecording
0x0000000030035000 	/usr/lib/libcurl.4.dylib
0x0000000030035000 	/System/Library/PrivateFrameworks/MediaKit.framework/Versions/A/MediaKit
0x0000000030035000 	/System/Library/PrivateFrameworks/ProtectedCloudStorage.framework/Versions/A/ProtectedCloudStorage
0x0000000030035000 	/System/Library/PrivateFrameworks/EFILogin.framework/Versions/A/EFILogin
0x0000000030035000 	/usr/lib/libutil.dylib
0x0000000030035000 	/System/Library/Frameworks/LDAP.framework/Versions/A/LDAP
0x0000000030035000 	/usr/lib/libsasl2.2.dylib
0x0000000030035000 	/System/Library/PrivateFrameworks/CoreDaemon.framework/Versions/B/CoreDaemon
0x0000000030035000 	/System/Library/PrivateFrameworks/AppleSRP.framework/Versions/A/AppleSRP
0x0000000030035000 	/System/Library/PrivateFrameworks/APFS.framework/Versions/A/APFS
0x0000000128f71000 	/Library/Java/JavaVirtualMachines/jdk1.8.0_77.jdk/Contents/Home/jre/lib/libfontmanager.dylib
0x000000012a35a000 	/Library/Java/JavaVirtualMachines/jdk1.8.0_77.jdk/Contents/Home/jre/lib/libosxui.dylib
0x0000000030035000 	/System/Library/PrivateFrameworks/ViewBridge.framework/Versions/A/ViewBridge
0x0000000030035000 	/System/Library/PrivateFrameworks/XPCService.framework/Versions/A/XPCService
0x0000000030035000 	/System/Library/PrivateFrameworks/AppSandbox.framework/Versions/A/AppSandbox
0x0000000030035000 	/usr/lib/libsandbox.1.dylib
0x0000000030035000 	/usr/lib/libMatch.1.dylib
0x0000000142de7000 	/Library/Java/JavaVirtualMachines/jdk1.8.0_77.jdk/Contents/Home/jre/lib/libnet.dylib
0x0000000142fd1000 	/Library/Java/JavaVirtualMachines/jdk1.8.0_77.jdk/Contents/Home/jre/lib/libnio.dylib
0x000000017b54c000 	/Library/Java/JavaVirtualMachines/jdk1.8.0_77.jdk/Contents/Home/jre/lib/libdcpr.dylib

VM Arguments:
jvm_args: -Dfile.encoding=UTF-8 
java_command: hexagonalpets.Main
java_class_path (initial): /Users/renyi1/NetBeansProjects/HexagonalPETs/build/classes
Launcher Type: SUN_STANDARD

Environment Variables:
PATH=/usr/bin:/bin:/usr/sbin:/sbin
LD_LIBRARY_PATH=/Library/Java/JavaVirtualMachines/jdk1.8.0_77.jdk/Contents/Home/jre/lib/amd64:/Library/Java/JavaVirtualMachines/jdk1.8.0_77.jdk/Contents/Home/jre/lib/i386:
SHELL=/bin/bash

Signal Handlers:
SIGSEGV: [libjvm.dylib+0x5a6855], sa_mask[0]=11111111011111110111111111111111, sa_flags=SA_ONSTACK|SA_RESTART|SA_SIGINFO
SIGBUS: [libjvm.dylib+0x5a6855], sa_mask[0]=11111111011111110111111111111111, sa_flags=SA_RESTART|SA_SIGINFO
SIGFPE: [libjvm.dylib+0x4804ec], sa_mask[0]=11111111011111110111111111111111, sa_flags=SA_RESTART|SA_SIGINFO
SIGPIPE: [libjvm.dylib+0x4804ec], sa_mask[0]=11111111011111110111111111111111, sa_flags=SA_RESTART|SA_SIGINFO
SIGXFSZ: [libjvm.dylib+0x4804ec], sa_mask[0]=11111111011111110111111111111111, sa_flags=SA_RESTART|SA_SIGINFO
SIGILL: [libjvm.dylib+0x4804ec], sa_mask[0]=11111111011111110111111111111111, sa_flags=SA_RESTART|SA_SIGINFO
SIGUSR1: SIG_DFL, sa_mask[0]=00000000000000000000000000000000, sa_flags=none
SIGUSR2: [libjvm.dylib+0x48000a], sa_mask[0]=00100000000000000000000000000000, sa_flags=SA_RESTART|SA_SIGINFO
SIGHUP: [libjvm.dylib+0x47e5e1], sa_mask[0]=11111111011111110111111111111111, sa_flags=SA_RESTART|SA_SIGINFO
SIGINT: SIG_IGN, sa_mask[0]=00000000000000000000000000000000, sa_flags=none
SIGTERM: [libjvm.dylib+0x47e5e1], sa_mask[0]=11111111011111110111111111111111, sa_flags=SA_RESTART|SA_SIGINFO
SIGQUIT: [libjvm.dylib+0x47e5e1], sa_mask[0]=11111111011111110111111111111111, sa_flags=SA_RESTART|SA_SIGINFO


---------------  S Y S T E M  ---------------

OS:Bsduname:Darwin 16.1.0 Darwin Kernel Version 16.1.0: Thu Oct 13 21:26:57 PDT 2016; root:xnu-3789.21.3~60/RELEASE_X86_64 x86_64
rlimit: STACK 8192k, CORE 0k, NPROC 709, NOFILE 10240, AS infinity
load average:1.56 1.66 1.76

CPU:total 4 (2 cores per cpu, 2 threads per core) family 6 model 61 stepping 4, cmov, cx8, fxsr, mmx, sse, sse2, sse3, ssse3, sse4.1, sse4.2, popcnt, avx, avx2, aes, clmul, erms, 3dnowpref, lzcnt, ht, tsc, tscinvbit, bmi1, bmi2, adx

Memory: 4k page, physical 8388608k(16776k free)

/proc/meminfo:


vm_info: Java HotSpot(TM) 64-Bit Server VM (25.77-b03) for bsd-amd64 JRE (1.8.0_77-b03), built on Mar 20 2016 22:14:03 by "java_re" with gcc 4.2.1 (Based on Apple Inc. build 5658) (LLVM build 2336.11.00)

time: Mon Dec  5 21:38:20 2016
elapsed time: 18843 seconds (0d 5h 14m 3s)

